<!DOCTYPE html>
<html>
  <head>
    <meta charset="utf-8"/>
    <title id="head-title">report.html</title>
      <link href="assets/style.css" rel="stylesheet" type="text/css"/>
  </head>
  <body>
    <h1 id="title">report.html</h1>
    <p>Report generated on 22-Apr-2025 at 22:23:36 by <a href="https://pypi.python.org/pypi/pytest-html">pytest-html</a>
        v4.1.1</p>
    <div id="environment-header">
      <h2>Environment</h2>
    </div>
    <table id="environment"></table>
    <!-- TEMPLATES -->
      <template id="template_environment_row">
      <tr>
        <td></td>
        <td></td>
      </tr>
    </template>
    <template id="template_results-table__body--empty">
      <tbody class="results-table-row">
        <tr id="not-found-message">
          <td colspan="4">No results found. Check the filters.</th>
        </tr>
    </template>
    <template id="template_results-table__tbody">
      <tbody class="results-table-row">
        <tr class="collapsible">
        </tr>
        <tr class="extras-row">
          <td class="extra" colspan="4">
            <div class="extraHTML"></div>
            <div class="media">
              <div class="media-container">
                  <div class="media-container__nav--left"><</div>
                  <div class="media-container__viewport">
                    <img src="" />
                    <video controls>
                      <source src="" type="video/mp4">
                    </video>
                  </div>
                  <div class="media-container__nav--right">></div>
                </div>
                <div class="media__name"></div>
                <div class="media__counter"></div>
            </div>
            <div class="logwrapper">
              <div class="logexpander"></div>
              <div class="log"></div>
            </div>
          </td>
        </tr>
      </tbody>
    </template>
    <!-- END TEMPLATES -->
    <div class="summary">
      <div class="summary__data">
        <h2>Summary</h2>
        <div class="additional-summary prefix">
        </div>
        <p class="run-count">18 tests took 00:01:50.</p>
        <p class="filter">(Un)check the boxes to filter the results.</p>
        <div class="summary__reload">
          <div class="summary__reload__button hidden" onclick="location.reload()">
            <div>There are still tests running. <br />Reload this page to get the latest results!</div>
          </div>
        </div>
        <div class="summary__spacer"></div>
        <div class="controls">
          <div class="filters">
            <input checked="true" class="filter" name="filter_checkbox" type="checkbox" data-test-result="failed" />
            <span class="failed">14 Failed,</span>
            <input checked="true" class="filter" name="filter_checkbox" type="checkbox" data-test-result="passed" />
            <span class="passed">4 Passed,</span>
            <input checked="true" class="filter" name="filter_checkbox" type="checkbox" data-test-result="skipped" disabled/>
            <span class="skipped">0 Skipped,</span>
            <input checked="true" class="filter" name="filter_checkbox" type="checkbox" data-test-result="xfailed" disabled/>
            <span class="xfailed">0 Expected failures,</span>
            <input checked="true" class="filter" name="filter_checkbox" type="checkbox" data-test-result="xpassed" disabled/>
            <span class="xpassed">0 Unexpected passes,</span>
            <input checked="true" class="filter" name="filter_checkbox" type="checkbox" data-test-result="error" disabled/>
            <span class="error">0 Errors,</span>
            <input checked="true" class="filter" name="filter_checkbox" type="checkbox" data-test-result="rerun" disabled/>
            <span class="rerun">0 Reruns</span>
          </div>
          <div class="collapse">
            <button id="show_all_details">Show all details</button>&nbsp;/&nbsp;<button id="hide_all_details">Hide all details</button>
          </div>
        </div>
      </div>
      <div class="additional-summary summary">
      </div>
      <div class="additional-summary postfix">
      </div>
    </div>
    <table id="results-table">
      <thead id="results-table-head">
        <tr>
          <th class="sortable" data-column-type="result">Result</th>
          <th class="sortable" data-column-type="testId">Test</th>
          <th class="sortable" data-column-type="duration">Duration</th>
          <th>Links</th>
        </tr>
      </thead>
    </table>
  </body>
  <footer>
    <div id="data-container" data-jsonblob="{&#34;environment&#34;: {&#34;Python&#34;: &#34;3.13.3&#34;, &#34;Platform&#34;: &#34;macOS-15.3.1-arm64-arm-64bit-Mach-O&#34;, &#34;Packages&#34;: {&#34;pytest&#34;: &#34;7.0.0&#34;, &#34;pluggy&#34;: &#34;1.5.0&#34;}, &#34;Plugins&#34;: {&#34;html&#34;: &#34;4.1.1&#34;, &#34;metadata&#34;: &#34;3.1.1&#34;, &#34;xdist&#34;: &#34;3.6.1&#34;}}, &#34;tests&#34;: {&#34;tests/test_promotional_codes.py::test_promotional_code_field_display&#34;: [{&#34;extras&#34;: [], &#34;result&#34;: &#34;Passed&#34;, &#34;testId&#34;: &#34;tests/test_promotional_codes.py::test_promotional_code_field_display&#34;, &#34;duration&#34;: &#34;00:00:05&#34;, &#34;resultsTableRow&#34;: [&#34;&lt;td class=\&#34;col-result\&#34;&gt;Passed&lt;/td&gt;&#34;, &#34;&lt;td class=\&#34;col-testId\&#34;&gt;tests/test_promotional_codes.py::test_promotional_code_field_display&lt;/td&gt;&#34;, &#34;&lt;td class=\&#34;col-duration\&#34;&gt;00:00:05&lt;/td&gt;&#34;, &#34;&lt;td class=\&#34;col-links\&#34;&gt;&lt;/td&gt;&#34;], &#34;log&#34;: &#34;[gw0] darwin -- Python 3.13.3 /Users/dk1314/Documents/project/python-selenium/marsair_tests/.venv/bin/python\n&#34;}], &#34;tests/test_promotional_codes.py::test_valid_code_applies_discount[data_input1]&#34;: [{&#34;extras&#34;: [], &#34;result&#34;: &#34;Failed&#34;, &#34;testId&#34;: &#34;tests/test_promotional_codes.py::test_valid_code_applies_discount[data_input1]&#34;, &#34;duration&#34;: &#34;00:00:06&#34;, &#34;resultsTableRow&#34;: [&#34;&lt;td class=\&#34;col-result\&#34;&gt;Failed&lt;/td&gt;&#34;, &#34;&lt;td class=\&#34;col-testId\&#34;&gt;tests/test_promotional_codes.py::test_valid_code_applies_discount[data_input1]&lt;/td&gt;&#34;, &#34;&lt;td class=\&#34;col-duration\&#34;&gt;00:00:06&lt;/td&gt;&#34;, &#34;&lt;td class=\&#34;col-links\&#34;&gt;&lt;/td&gt;&#34;], &#34;log&#34;: &#34;[gw1] darwin -- Python 3.13.3 /Users/dk1314/Documents/project/python-selenium/marsair_tests/.venv/bin/python\n\nsearch_page = &amp;lt;pages.search_page.SearchPage object at 0x106e60980&amp;gt;, data_input = {&amp;#x27;code&amp;#x27;: &amp;#x27;JJ5-OPQ-320&amp;#x27;, &amp;#x27;expected_discount&amp;#x27;: &amp;#x27;50&amp;#x27;}\n\n    @pytest.mark.ac2_ac3\n    @pytest.mark.parametrize(&amp;quot;data_input&amp;quot;,valid_codes )\n    def test_valid_code_applies_discount(search_page, data_input):\n        code = data_input[&amp;quot;code&amp;quot;]\n        expected_discount = data_input[&amp;quot;expected_discount&amp;quot;]\n        search_page.select_departure_by_text(DECEMBER)\n        search_page.select_return_by_text(JULY_NEXT_YEAR)\n        search_page.enter_promo_code(code)\n        search_page.click_search()\n&amp;gt;       message = search_page.get_result_text()\n\ntests/test_promotional_codes.py:38: \n_ _ _ _ _ _ _ _ _ _ _ _ _ _ _ _ _ _ _ _ _ _ _ _ _ _ _ _ _ _ _ _ _ _ _ _ _ _ _ _ _ _ _ _ _ _ _ _ _ _ _ _ _ _ _ _ _ _ _ _ _ _ _ _ _ _ _ _ _ _ _ _ _ _ _ _ _ _ _ _ _ _ _ _ _ _ _ _ _ _ _ _ _ _ _ _ _ _ _ _ _ _ _ _ _ _ _ _ _ _ _ _ _ _ _ _ _ _ _ _ _ _ _ _ _ _ _ _ _ _ _ _ _ _ _ _ _ _ _ _ _ _ _ _ _ _ _ _ _ _ _ _ _ _ _ _ _ _ _ _ _ _ _ _ _ _ _ _ _ _ _ _ _ _ _ _ _ _ _ _ _ _ _ _ _ _ _ _ _ _ _ _ _ _ _ _ _ _ _ _ _ _ _ _ _ _ _ _ _\npages/search_page.py:49: in get_result_text\n    result = container.find_elements(By.TAG_NAME, &amp;quot;p&amp;quot;)\n.venv/lib/python3.13/site-packages/selenium/webdriver/remote/webelement.py:744: in find_elements\n    return self._execute(Command.FIND_CHILD_ELEMENTS,\n.venv/lib/python3.13/site-packages/selenium/webdriver/remote/webelement.py:693: in _execute\n    return self._parent.execute(command, params)\n.venv/lib/python3.13/site-packages/selenium/webdriver/remote/webdriver.py:418: in execute\n    self.error_handler.check_response(response)\n_ _ _ _ _ _ _ _ _ _ _ _ _ _ _ _ _ _ _ _ _ _ _ _ _ _ _ _ _ _ _ _ _ _ _ _ _ _ _ _ _ _ _ _ _ _ _ _ _ _ _ _ _ _ _ _ _ _ _ _ _ _ _ _ _ _ _ _ _ _ _ _ _ _ _ _ _ _ _ _ _ _ _ _ _ _ _ _ _ _ _ _ _ _ _ _ _ _ _ _ _ _ _ _ _ _ _ _ _ _ _ _ _ _ _ _ _ _ _ _ _ _ _ _ _ _ _ _ _ _ _ _ _ _ _ _ _ _ _ _ _ _ _ _ _ _ _ _ _ _ _ _ _ _ _ _ _ _ _ _ _ _ _ _ _ _ _ _ _ _ _ _ _ _ _ _ _ _ _ _ _ _ _ _ _ _ _ _ _ _ _ _ _ _ _ _ _ _ _ _ _ _ _ _ _ _ _ _ _\n\nself = &amp;lt;selenium.webdriver.remote.errorhandler.ErrorHandler object at 0x10710f0e0&amp;gt;, response = {&amp;#x27;status&amp;#x27;: 404, &amp;#x27;value&amp;#x27;: &amp;#x27;{&amp;quot;value&amp;quot;:{&amp;quot;error&amp;quot;:&amp;quot;stale element reference&amp;quot;,&amp;quot;message&amp;quot;:&amp;quot;stale element reference: stale elemen...000188ac42e4 _pthread_start + 136\\\\n22  libsystem_pthread.dylib             0x0000000188abf0fc thread_start + 8\\\\n&amp;quot;}}&amp;#x27;}\n\n    def check_response(self, response: Dict[str, Any]) -&amp;gt; None:\n        &amp;quot;&amp;quot;&amp;quot;\n        Checks that a JSON response from the WebDriver does not have an error.\n    \n        :Args:\n         - response - The JSON response from the WebDriver server as a dictionary\n           object.\n    \n        :Raises: If the response contains an error message.\n        &amp;quot;&amp;quot;&amp;quot;\n        status = response.get(&amp;#x27;status&amp;#x27;, None)\n        if not status or status == ErrorCode.SUCCESS:\n            return\n        value = None\n        message = response.get(&amp;quot;message&amp;quot;, &amp;quot;&amp;quot;)\n        screen: str = response.get(&amp;quot;screen&amp;quot;, &amp;quot;&amp;quot;)\n        stacktrace = None\n        if isinstance(status, int):\n            value_json = response.get(&amp;#x27;value&amp;#x27;, None)\n            if value_json and isinstance(value_json, str):\n                import json\n                try:\n                    value = json.loads(value_json)\n                    if len(value.keys()) == 1:\n                        value = value[&amp;#x27;value&amp;#x27;]\n                    status = value.get(&amp;#x27;error&amp;#x27;, None)\n                    if not status:\n                        status = value.get(&amp;quot;status&amp;quot;, ErrorCode.UNKNOWN_ERROR)\n                        message = value.get(&amp;quot;value&amp;quot;) or value.get(&amp;quot;message&amp;quot;)\n                        if not isinstance(message, str):\n                            value = message\n                            message = message.get(&amp;#x27;message&amp;#x27;)\n                    else:\n                        message = value.get(&amp;#x27;message&amp;#x27;, None)\n                except ValueError:\n                    pass\n    \n        exception_class: Type[WebDriverException]\n        if status in ErrorCode.NO_SUCH_ELEMENT:\n            exception_class = NoSuchElementException\n        elif status in ErrorCode.NO_SUCH_FRAME:\n            exception_class = NoSuchFrameException\n        elif status in ErrorCode.NO_SUCH_WINDOW:\n            exception_class = NoSuchWindowException\n        elif status in ErrorCode.STALE_ELEMENT_REFERENCE:\n            exception_class = StaleElementReferenceException\n        elif status in ErrorCode.ELEMENT_NOT_VISIBLE:\n            exception_class = ElementNotVisibleException\n        elif status in ErrorCode.INVALID_ELEMENT_STATE:\n            exception_class = InvalidElementStateException\n        elif status in ErrorCode.INVALID_SELECTOR \\\n                or status in ErrorCode.INVALID_XPATH_SELECTOR \\\n                or status in ErrorCode.INVALID_XPATH_SELECTOR_RETURN_TYPER:\n            exception_class = InvalidSelectorException\n        elif status in ErrorCode.ELEMENT_IS_NOT_SELECTABLE:\n            exception_class = ElementNotSelectableException\n        elif status in ErrorCode.ELEMENT_NOT_INTERACTABLE:\n            exception_class = ElementNotInteractableException\n        elif status in ErrorCode.INVALID_COOKIE_DOMAIN:\n            exception_class = InvalidCookieDomainException\n        elif status in ErrorCode.UNABLE_TO_SET_COOKIE:\n            exception_class = UnableToSetCookieException\n        elif status in ErrorCode.TIMEOUT:\n            exception_class = TimeoutException\n        elif status in ErrorCode.SCRIPT_TIMEOUT:\n            exception_class = TimeoutException\n        elif status in ErrorCode.UNKNOWN_ERROR:\n            exception_class = WebDriverException\n        elif status in ErrorCode.UNEXPECTED_ALERT_OPEN:\n            exception_class = UnexpectedAlertPresentException\n        elif status in ErrorCode.NO_ALERT_OPEN:\n            exception_class = NoAlertPresentException\n        elif status in ErrorCode.IME_NOT_AVAILABLE:\n            exception_class = ImeNotAvailableException\n        elif status in ErrorCode.IME_ENGINE_ACTIVATION_FAILED:\n            exception_class = ImeActivationFailedException\n        elif status in ErrorCode.MOVE_TARGET_OUT_OF_BOUNDS:\n            exception_class = MoveTargetOutOfBoundsException\n        elif status in ErrorCode.JAVASCRIPT_ERROR:\n            exception_class = JavascriptException\n        elif status in ErrorCode.SESSION_NOT_CREATED:\n            exception_class = SessionNotCreatedException\n        elif status in ErrorCode.INVALID_ARGUMENT:\n            exception_class = InvalidArgumentException\n        elif status in ErrorCode.NO_SUCH_COOKIE:\n            exception_class = NoSuchCookieException\n        elif status in ErrorCode.UNABLE_TO_CAPTURE_SCREEN:\n            exception_class = ScreenshotException\n        elif status in ErrorCode.ELEMENT_CLICK_INTERCEPTED:\n            exception_class = ElementClickInterceptedException\n        elif status in ErrorCode.INSECURE_CERTIFICATE:\n            exception_class = InsecureCertificateException\n        elif status in ErrorCode.INVALID_COORDINATES:\n            exception_class = InvalidCoordinatesException\n        elif status in ErrorCode.INVALID_SESSION_ID:\n            exception_class = InvalidSessionIdException\n        elif status in ErrorCode.UNKNOWN_METHOD:\n            exception_class = UnknownMethodException\n        else:\n            exception_class = WebDriverException\n        if not value:\n            value = response[&amp;#x27;value&amp;#x27;]\n        if isinstance(value, str):\n            raise exception_class(value)\n        if message == &amp;quot;&amp;quot; and &amp;#x27;message&amp;#x27; in value:\n            message = value[&amp;#x27;message&amp;#x27;]\n    \n        screen = None  # type: ignore[assignment]\n        if &amp;#x27;screen&amp;#x27; in value:\n            screen = value[&amp;#x27;screen&amp;#x27;]\n    \n        stacktrace = None\n        st_value = value.get(&amp;#x27;stackTrace&amp;#x27;) or value.get(&amp;#x27;stacktrace&amp;#x27;)\n        if st_value:\n            if isinstance(st_value, str):\n                stacktrace = st_value.split(&amp;#x27;\\n&amp;#x27;)\n            else:\n                stacktrace = []\n                try:\n                    for frame in st_value:\n                        line = self._value_or_default(frame, &amp;#x27;lineNumber&amp;#x27;, &amp;#x27;&amp;#x27;)\n                        file = self._value_or_default(frame, &amp;#x27;fileName&amp;#x27;, &amp;#x27;&amp;lt;anonymous&amp;gt;&amp;#x27;)\n                        if line:\n                            file = &amp;quot;%s:%s&amp;quot; % (file, line)\n                        meth = self._value_or_default(frame, &amp;#x27;methodName&amp;#x27;, &amp;#x27;&amp;lt;anonymous&amp;gt;&amp;#x27;)\n                        if &amp;#x27;className&amp;#x27; in frame:\n                            meth = &amp;quot;%s.%s&amp;quot; % (frame[&amp;#x27;className&amp;#x27;], meth)\n                        msg = &amp;quot;    at %s (%s)&amp;quot;\n                        msg = msg % (meth, file)\n                        stacktrace.append(msg)\n                except TypeError:\n                    pass\n        if exception_class == UnexpectedAlertPresentException:\n            alert_text = None\n            if &amp;#x27;data&amp;#x27; in value:\n                alert_text = value[&amp;#x27;data&amp;#x27;].get(&amp;#x27;text&amp;#x27;)\n            elif &amp;#x27;alert&amp;#x27; in value:\n                alert_text = value[&amp;#x27;alert&amp;#x27;].get(&amp;#x27;text&amp;#x27;)\n            raise exception_class(message, screen, stacktrace, alert_text)  # type: ignore[call-arg]  # mypy is not smart enough here\n&amp;gt;       raise exception_class(message, screen, stacktrace)\nE       selenium.common.exceptions.StaleElementReferenceException: Message: stale element reference: stale element not found\nE         (Session info: chrome=135.0.7049.96)\nE       Stacktrace:\nE       0   chromedriver                        0x0000000102e6ae10 cxxbridge1$str$ptr + 2817040\nE       1   chromedriver                        0x0000000102e630ac cxxbridge1$str$ptr + 2784940\nE       2   chromedriver                        0x00000001029aa8d8 cxxbridge1$string$len + 93028\nE       3   chromedriver                        0x00000001029bb264 cxxbridge1$string$len + 161008\nE       4   chromedriver                        0x00000001029ba318 cxxbridge1$string$len + 157092\nE       5   chromedriver                        0x00000001029b0da4 cxxbridge1$string$len + 118832\nE       6   chromedriver                        0x00000001029af594 cxxbridge1$string$len + 112672\nE       7   chromedriver                        0x00000001029b2818 cxxbridge1$string$len + 125604\nE       8   chromedriver                        0x00000001029b28c0 cxxbridge1$string$len + 125772\nE       9   chromedriver                        0x00000001029f1270 cxxbridge1$string$len + 382204\nE       10  chromedriver                        0x00000001029e6d3c cxxbridge1$string$len + 339912\nE       11  chromedriver                        0x0000000102a327b8 cxxbridge1$string$len + 649796\nE       12  chromedriver                        0x00000001029e5a80 cxxbridge1$string$len + 335116\nE       13  chromedriver                        0x0000000102e2fc98 cxxbridge1$str$ptr + 2575000\nE       14  chromedriver                        0x0000000102e32f64 cxxbridge1$str$ptr + 2588004\nE       15  chromedriver                        0x0000000102e0fa20 cxxbridge1$str$ptr + 2443296\nE       16  chromedriver                        0x0000000102e337e0 cxxbridge1$str$ptr + 2590176\nE       17  chromedriver                        0x0000000102e00b14 cxxbridge1$str$ptr + 2382100\nE       18  chromedriver                        0x0000000102e539c4 cxxbridge1$str$ptr + 2721732\nE       19  chromedriver                        0x0000000102e53b50 cxxbridge1$str$ptr + 2722128\nE       20  chromedriver                        0x0000000102e62cf8 cxxbridge1$str$ptr + 2783992\nE       21  libsystem_pthread.dylib             0x0000000188ac42e4 _pthread_start + 136\nE       22  libsystem_pthread.dylib             0x0000000188abf0fc thread_start + 8\n\n.venv/lib/python3.13/site-packages/selenium/webdriver/remote/errorhandler.py:243: StaleElementReferenceException\n&#34;}], &#34;tests/test_promotional_codes.py::test_valid_code_applies_discount[data_input3]&#34;: [{&#34;extras&#34;: [], &#34;result&#34;: &#34;Failed&#34;, &#34;testId&#34;: &#34;tests/test_promotional_codes.py::test_valid_code_applies_discount[data_input3]&#34;, &#34;duration&#34;: &#34;00:00:07&#34;, &#34;resultsTableRow&#34;: [&#34;&lt;td class=\&#34;col-result\&#34;&gt;Failed&lt;/td&gt;&#34;, &#34;&lt;td class=\&#34;col-testId\&#34;&gt;tests/test_promotional_codes.py::test_valid_code_applies_discount[data_input3]&lt;/td&gt;&#34;, &#34;&lt;td class=\&#34;col-duration\&#34;&gt;00:00:07&lt;/td&gt;&#34;, &#34;&lt;td class=\&#34;col-links\&#34;&gt;&lt;/td&gt;&#34;], &#34;log&#34;: &#34;[gw2] darwin -- Python 3.13.3 /Users/dk1314/Documents/project/python-selenium/marsair_tests/.venv/bin/python\n\nsearch_page = &amp;lt;pages.search_page.SearchPage object at 0x1048d0980&amp;gt;, data_input = {&amp;#x27;code&amp;#x27;: &amp;#x27;aa2-bbb-231&amp;#x27;, &amp;#x27;expected_discount&amp;#x27;: &amp;#x27;20&amp;#x27;}\n\n    @pytest.mark.ac2_ac3\n    @pytest.mark.parametrize(&amp;quot;data_input&amp;quot;,valid_codes )\n    def test_valid_code_applies_discount(search_page, data_input):\n        code = data_input[&amp;quot;code&amp;quot;]\n        expected_discount = data_input[&amp;quot;expected_discount&amp;quot;]\n        search_page.select_departure_by_text(DECEMBER)\n        search_page.select_return_by_text(JULY_NEXT_YEAR)\n        search_page.enter_promo_code(code)\n        search_page.click_search()\n&amp;gt;       message = search_page.get_result_text()\n\ntests/test_promotional_codes.py:38: \n_ _ _ _ _ _ _ _ _ _ _ _ _ _ _ _ _ _ _ _ _ _ _ _ _ _ _ _ _ _ _ _ _ _ _ _ _ _ _ _ _ _ _ _ _ _ _ _ _ _ _ _ _ _ _ _ _ _ _ _ _ _ _ _ _ _ _ _ _ _ _ _ _ _ _ _ _ _ _ _ _ _ _ _ _ _ _ _ _ _ _ _ _ _ _ _ _ _ _ _ _ _ _ _ _ _ _ _ _ _ _ _ _ _ _ _ _ _ _ _ _ _ _ _ _ _ _ _ _ _ _ _ _ _ _ _ _ _ _ _ _ _ _ _ _ _ _ _ _ _ _ _ _ _ _ _ _ _ _ _ _ _ _ _ _ _ _ _ _ _ _ _ _ _ _ _ _ _ _ _ _ _ _ _ _ _ _ _ _ _ _ _ _ _ _ _ _ _ _ _ _ _ _ _ _ _ _ _ _\npages/search_page.py:49: in get_result_text\n    result = container.find_elements(By.TAG_NAME, &amp;quot;p&amp;quot;)\n.venv/lib/python3.13/site-packages/selenium/webdriver/remote/webelement.py:744: in find_elements\n    return self._execute(Command.FIND_CHILD_ELEMENTS,\n.venv/lib/python3.13/site-packages/selenium/webdriver/remote/webelement.py:693: in _execute\n    return self._parent.execute(command, params)\n.venv/lib/python3.13/site-packages/selenium/webdriver/remote/webdriver.py:418: in execute\n    self.error_handler.check_response(response)\n_ _ _ _ _ _ _ _ _ _ _ _ _ _ _ _ _ _ _ _ _ _ _ _ _ _ _ _ _ _ _ _ _ _ _ _ _ _ _ _ _ _ _ _ _ _ _ _ _ _ _ _ _ _ _ _ _ _ _ _ _ _ _ _ _ _ _ _ _ _ _ _ _ _ _ _ _ _ _ _ _ _ _ _ _ _ _ _ _ _ _ _ _ _ _ _ _ _ _ _ _ _ _ _ _ _ _ _ _ _ _ _ _ _ _ _ _ _ _ _ _ _ _ _ _ _ _ _ _ _ _ _ _ _ _ _ _ _ _ _ _ _ _ _ _ _ _ _ _ _ _ _ _ _ _ _ _ _ _ _ _ _ _ _ _ _ _ _ _ _ _ _ _ _ _ _ _ _ _ _ _ _ _ _ _ _ _ _ _ _ _ _ _ _ _ _ _ _ _ _ _ _ _ _ _ _ _ _ _\n\nself = &amp;lt;selenium.webdriver.remote.errorhandler.ErrorHandler object at 0x104b7f0e0&amp;gt;, response = {&amp;#x27;status&amp;#x27;: 404, &amp;#x27;value&amp;#x27;: &amp;#x27;{&amp;quot;value&amp;quot;:{&amp;quot;error&amp;quot;:&amp;quot;stale element reference&amp;quot;,&amp;quot;message&amp;quot;:&amp;quot;stale element reference: stale elemen...000188ac42e4 _pthread_start + 136\\\\n22  libsystem_pthread.dylib             0x0000000188abf0fc thread_start + 8\\\\n&amp;quot;}}&amp;#x27;}\n\n    def check_response(self, response: Dict[str, Any]) -&amp;gt; None:\n        &amp;quot;&amp;quot;&amp;quot;\n        Checks that a JSON response from the WebDriver does not have an error.\n    \n        :Args:\n         - response - The JSON response from the WebDriver server as a dictionary\n           object.\n    \n        :Raises: If the response contains an error message.\n        &amp;quot;&amp;quot;&amp;quot;\n        status = response.get(&amp;#x27;status&amp;#x27;, None)\n        if not status or status == ErrorCode.SUCCESS:\n            return\n        value = None\n        message = response.get(&amp;quot;message&amp;quot;, &amp;quot;&amp;quot;)\n        screen: str = response.get(&amp;quot;screen&amp;quot;, &amp;quot;&amp;quot;)\n        stacktrace = None\n        if isinstance(status, int):\n            value_json = response.get(&amp;#x27;value&amp;#x27;, None)\n            if value_json and isinstance(value_json, str):\n                import json\n                try:\n                    value = json.loads(value_json)\n                    if len(value.keys()) == 1:\n                        value = value[&amp;#x27;value&amp;#x27;]\n                    status = value.get(&amp;#x27;error&amp;#x27;, None)\n                    if not status:\n                        status = value.get(&amp;quot;status&amp;quot;, ErrorCode.UNKNOWN_ERROR)\n                        message = value.get(&amp;quot;value&amp;quot;) or value.get(&amp;quot;message&amp;quot;)\n                        if not isinstance(message, str):\n                            value = message\n                            message = message.get(&amp;#x27;message&amp;#x27;)\n                    else:\n                        message = value.get(&amp;#x27;message&amp;#x27;, None)\n                except ValueError:\n                    pass\n    \n        exception_class: Type[WebDriverException]\n        if status in ErrorCode.NO_SUCH_ELEMENT:\n            exception_class = NoSuchElementException\n        elif status in ErrorCode.NO_SUCH_FRAME:\n            exception_class = NoSuchFrameException\n        elif status in ErrorCode.NO_SUCH_WINDOW:\n            exception_class = NoSuchWindowException\n        elif status in ErrorCode.STALE_ELEMENT_REFERENCE:\n            exception_class = StaleElementReferenceException\n        elif status in ErrorCode.ELEMENT_NOT_VISIBLE:\n            exception_class = ElementNotVisibleException\n        elif status in ErrorCode.INVALID_ELEMENT_STATE:\n            exception_class = InvalidElementStateException\n        elif status in ErrorCode.INVALID_SELECTOR \\\n                or status in ErrorCode.INVALID_XPATH_SELECTOR \\\n                or status in ErrorCode.INVALID_XPATH_SELECTOR_RETURN_TYPER:\n            exception_class = InvalidSelectorException\n        elif status in ErrorCode.ELEMENT_IS_NOT_SELECTABLE:\n            exception_class = ElementNotSelectableException\n        elif status in ErrorCode.ELEMENT_NOT_INTERACTABLE:\n            exception_class = ElementNotInteractableException\n        elif status in ErrorCode.INVALID_COOKIE_DOMAIN:\n            exception_class = InvalidCookieDomainException\n        elif status in ErrorCode.UNABLE_TO_SET_COOKIE:\n            exception_class = UnableToSetCookieException\n        elif status in ErrorCode.TIMEOUT:\n            exception_class = TimeoutException\n        elif status in ErrorCode.SCRIPT_TIMEOUT:\n            exception_class = TimeoutException\n        elif status in ErrorCode.UNKNOWN_ERROR:\n            exception_class = WebDriverException\n        elif status in ErrorCode.UNEXPECTED_ALERT_OPEN:\n            exception_class = UnexpectedAlertPresentException\n        elif status in ErrorCode.NO_ALERT_OPEN:\n            exception_class = NoAlertPresentException\n        elif status in ErrorCode.IME_NOT_AVAILABLE:\n            exception_class = ImeNotAvailableException\n        elif status in ErrorCode.IME_ENGINE_ACTIVATION_FAILED:\n            exception_class = ImeActivationFailedException\n        elif status in ErrorCode.MOVE_TARGET_OUT_OF_BOUNDS:\n            exception_class = MoveTargetOutOfBoundsException\n        elif status in ErrorCode.JAVASCRIPT_ERROR:\n            exception_class = JavascriptException\n        elif status in ErrorCode.SESSION_NOT_CREATED:\n            exception_class = SessionNotCreatedException\n        elif status in ErrorCode.INVALID_ARGUMENT:\n            exception_class = InvalidArgumentException\n        elif status in ErrorCode.NO_SUCH_COOKIE:\n            exception_class = NoSuchCookieException\n        elif status in ErrorCode.UNABLE_TO_CAPTURE_SCREEN:\n            exception_class = ScreenshotException\n        elif status in ErrorCode.ELEMENT_CLICK_INTERCEPTED:\n            exception_class = ElementClickInterceptedException\n        elif status in ErrorCode.INSECURE_CERTIFICATE:\n            exception_class = InsecureCertificateException\n        elif status in ErrorCode.INVALID_COORDINATES:\n            exception_class = InvalidCoordinatesException\n        elif status in ErrorCode.INVALID_SESSION_ID:\n            exception_class = InvalidSessionIdException\n        elif status in ErrorCode.UNKNOWN_METHOD:\n            exception_class = UnknownMethodException\n        else:\n            exception_class = WebDriverException\n        if not value:\n            value = response[&amp;#x27;value&amp;#x27;]\n        if isinstance(value, str):\n            raise exception_class(value)\n        if message == &amp;quot;&amp;quot; and &amp;#x27;message&amp;#x27; in value:\n            message = value[&amp;#x27;message&amp;#x27;]\n    \n        screen = None  # type: ignore[assignment]\n        if &amp;#x27;screen&amp;#x27; in value:\n            screen = value[&amp;#x27;screen&amp;#x27;]\n    \n        stacktrace = None\n        st_value = value.get(&amp;#x27;stackTrace&amp;#x27;) or value.get(&amp;#x27;stacktrace&amp;#x27;)\n        if st_value:\n            if isinstance(st_value, str):\n                stacktrace = st_value.split(&amp;#x27;\\n&amp;#x27;)\n            else:\n                stacktrace = []\n                try:\n                    for frame in st_value:\n                        line = self._value_or_default(frame, &amp;#x27;lineNumber&amp;#x27;, &amp;#x27;&amp;#x27;)\n                        file = self._value_or_default(frame, &amp;#x27;fileName&amp;#x27;, &amp;#x27;&amp;lt;anonymous&amp;gt;&amp;#x27;)\n                        if line:\n                            file = &amp;quot;%s:%s&amp;quot; % (file, line)\n                        meth = self._value_or_default(frame, &amp;#x27;methodName&amp;#x27;, &amp;#x27;&amp;lt;anonymous&amp;gt;&amp;#x27;)\n                        if &amp;#x27;className&amp;#x27; in frame:\n                            meth = &amp;quot;%s.%s&amp;quot; % (frame[&amp;#x27;className&amp;#x27;], meth)\n                        msg = &amp;quot;    at %s (%s)&amp;quot;\n                        msg = msg % (meth, file)\n                        stacktrace.append(msg)\n                except TypeError:\n                    pass\n        if exception_class == UnexpectedAlertPresentException:\n            alert_text = None\n            if &amp;#x27;data&amp;#x27; in value:\n                alert_text = value[&amp;#x27;data&amp;#x27;].get(&amp;#x27;text&amp;#x27;)\n            elif &amp;#x27;alert&amp;#x27; in value:\n                alert_text = value[&amp;#x27;alert&amp;#x27;].get(&amp;#x27;text&amp;#x27;)\n            raise exception_class(message, screen, stacktrace, alert_text)  # type: ignore[call-arg]  # mypy is not smart enough here\n&amp;gt;       raise exception_class(message, screen, stacktrace)\nE       selenium.common.exceptions.StaleElementReferenceException: Message: stale element reference: stale element not found\nE         (Session info: chrome=135.0.7049.96)\nE       Stacktrace:\nE       0   chromedriver                        0x0000000102bdae10 cxxbridge1$str$ptr + 2817040\nE       1   chromedriver                        0x0000000102bd30ac cxxbridge1$str$ptr + 2784940\nE       2   chromedriver                        0x000000010271a8d8 cxxbridge1$string$len + 93028\nE       3   chromedriver                        0x000000010272b264 cxxbridge1$string$len + 161008\nE       4   chromedriver                        0x000000010272a318 cxxbridge1$string$len + 157092\nE       5   chromedriver                        0x0000000102720da4 cxxbridge1$string$len + 118832\nE       6   chromedriver                        0x000000010271f594 cxxbridge1$string$len + 112672\nE       7   chromedriver                        0x0000000102722818 cxxbridge1$string$len + 125604\nE       8   chromedriver                        0x00000001027228c0 cxxbridge1$string$len + 125772\nE       9   chromedriver                        0x0000000102761270 cxxbridge1$string$len + 382204\nE       10  chromedriver                        0x0000000102756d3c cxxbridge1$string$len + 339912\nE       11  chromedriver                        0x00000001027a27b8 cxxbridge1$string$len + 649796\nE       12  chromedriver                        0x0000000102755a80 cxxbridge1$string$len + 335116\nE       13  chromedriver                        0x0000000102b9fc98 cxxbridge1$str$ptr + 2575000\nE       14  chromedriver                        0x0000000102ba2f64 cxxbridge1$str$ptr + 2588004\nE       15  chromedriver                        0x0000000102b7fa20 cxxbridge1$str$ptr + 2443296\nE       16  chromedriver                        0x0000000102ba37e0 cxxbridge1$str$ptr + 2590176\nE       17  chromedriver                        0x0000000102b70b14 cxxbridge1$str$ptr + 2382100\nE       18  chromedriver                        0x0000000102bc39c4 cxxbridge1$str$ptr + 2721732\nE       19  chromedriver                        0x0000000102bc3b50 cxxbridge1$str$ptr + 2722128\nE       20  chromedriver                        0x0000000102bd2cf8 cxxbridge1$str$ptr + 2783992\nE       21  libsystem_pthread.dylib             0x0000000188ac42e4 _pthread_start + 136\nE       22  libsystem_pthread.dylib             0x0000000188abf0fc thread_start + 8\n\n.venv/lib/python3.13/site-packages/selenium/webdriver/remote/errorhandler.py:243: StaleElementReferenceException\n&#34;}], &#34;tests/test_promotional_codes.py::test_valid_code_applies_discount[data_input0]&#34;: [{&#34;extras&#34;: [], &#34;result&#34;: &#34;Failed&#34;, &#34;testId&#34;: &#34;tests/test_promotional_codes.py::test_valid_code_applies_discount[data_input0]&#34;, &#34;duration&#34;: &#34;00:00:07&#34;, &#34;resultsTableRow&#34;: [&#34;&lt;td class=\&#34;col-result\&#34;&gt;Failed&lt;/td&gt;&#34;, &#34;&lt;td class=\&#34;col-testId\&#34;&gt;tests/test_promotional_codes.py::test_valid_code_applies_discount[data_input0]&lt;/td&gt;&#34;, &#34;&lt;td class=\&#34;col-duration\&#34;&gt;00:00:07&lt;/td&gt;&#34;, &#34;&lt;td class=\&#34;col-links\&#34;&gt;&lt;/td&gt;&#34;], &#34;log&#34;: &#34;[gw0] darwin -- Python 3.13.3 /Users/dk1314/Documents/project/python-selenium/marsair_tests/.venv/bin/python\n\nsearch_page = &amp;lt;pages.search_page.SearchPage object at 0x110072210&amp;gt;, data_input = {&amp;#x27;code&amp;#x27;: &amp;#x27;AF3-FJK-418&amp;#x27;, &amp;#x27;expected_discount&amp;#x27;: &amp;#x27;30&amp;#x27;}\n\n    @pytest.mark.ac2_ac3\n    @pytest.mark.parametrize(&amp;quot;data_input&amp;quot;,valid_codes )\n    def test_valid_code_applies_discount(search_page, data_input):\n        code = data_input[&amp;quot;code&amp;quot;]\n        expected_discount = data_input[&amp;quot;expected_discount&amp;quot;]\n        search_page.select_departure_by_text(DECEMBER)\n        search_page.select_return_by_text(JULY_NEXT_YEAR)\n        search_page.enter_promo_code(code)\n        search_page.click_search()\n&amp;gt;       message = search_page.get_result_text()\n\ntests/test_promotional_codes.py:38: \n_ _ _ _ _ _ _ _ _ _ _ _ _ _ _ _ _ _ _ _ _ _ _ _ _ _ _ _ _ _ _ _ _ _ _ _ _ _ _ _ _ _ _ _ _ _ _ _ _ _ _ _ _ _ _ _ _ _ _ _ _ _ _ _ _ _ _ _ _ _ _ _ _ _ _ _ _ _ _ _ _ _ _ _ _ _ _ _ _ _ _ _ _ _ _ _ _ _ _ _ _ _ _ _ _ _ _ _ _ _ _ _ _ _ _ _ _ _ _ _ _ _ _ _ _ _ _ _ _ _ _ _ _ _ _ _ _ _ _ _ _ _ _ _ _ _ _ _ _ _ _ _ _ _ _ _ _ _ _ _ _ _ _ _ _ _ _ _ _ _ _ _ _ _ _ _ _ _ _ _ _ _ _ _ _ _ _ _ _ _ _ _ _ _ _ _ _ _ _ _ _ _ _ _ _ _ _ _ _\npages/search_page.py:49: in get_result_text\n    result = container.find_elements(By.TAG_NAME, &amp;quot;p&amp;quot;)\n.venv/lib/python3.13/site-packages/selenium/webdriver/remote/webelement.py:744: in find_elements\n    return self._execute(Command.FIND_CHILD_ELEMENTS,\n.venv/lib/python3.13/site-packages/selenium/webdriver/remote/webelement.py:693: in _execute\n    return self._parent.execute(command, params)\n.venv/lib/python3.13/site-packages/selenium/webdriver/remote/webdriver.py:418: in execute\n    self.error_handler.check_response(response)\n_ _ _ _ _ _ _ _ _ _ _ _ _ _ _ _ _ _ _ _ _ _ _ _ _ _ _ _ _ _ _ _ _ _ _ _ _ _ _ _ _ _ _ _ _ _ _ _ _ _ _ _ _ _ _ _ _ _ _ _ _ _ _ _ _ _ _ _ _ _ _ _ _ _ _ _ _ _ _ _ _ _ _ _ _ _ _ _ _ _ _ _ _ _ _ _ _ _ _ _ _ _ _ _ _ _ _ _ _ _ _ _ _ _ _ _ _ _ _ _ _ _ _ _ _ _ _ _ _ _ _ _ _ _ _ _ _ _ _ _ _ _ _ _ _ _ _ _ _ _ _ _ _ _ _ _ _ _ _ _ _ _ _ _ _ _ _ _ _ _ _ _ _ _ _ _ _ _ _ _ _ _ _ _ _ _ _ _ _ _ _ _ _ _ _ _ _ _ _ _ _ _ _ _ _ _ _ _ _\n\nself = &amp;lt;selenium.webdriver.remote.errorhandler.ErrorHandler object at 0x110073b10&amp;gt;, response = {&amp;#x27;status&amp;#x27;: 404, &amp;#x27;value&amp;#x27;: &amp;#x27;{&amp;quot;value&amp;quot;:{&amp;quot;error&amp;quot;:&amp;quot;stale element reference&amp;quot;,&amp;quot;message&amp;quot;:&amp;quot;stale element reference: stale elemen...000188ac42e4 _pthread_start + 136\\\\n22  libsystem_pthread.dylib             0x0000000188abf0fc thread_start + 8\\\\n&amp;quot;}}&amp;#x27;}\n\n    def check_response(self, response: Dict[str, Any]) -&amp;gt; None:\n        &amp;quot;&amp;quot;&amp;quot;\n        Checks that a JSON response from the WebDriver does not have an error.\n    \n        :Args:\n         - response - The JSON response from the WebDriver server as a dictionary\n           object.\n    \n        :Raises: If the response contains an error message.\n        &amp;quot;&amp;quot;&amp;quot;\n        status = response.get(&amp;#x27;status&amp;#x27;, None)\n        if not status or status == ErrorCode.SUCCESS:\n            return\n        value = None\n        message = response.get(&amp;quot;message&amp;quot;, &amp;quot;&amp;quot;)\n        screen: str = response.get(&amp;quot;screen&amp;quot;, &amp;quot;&amp;quot;)\n        stacktrace = None\n        if isinstance(status, int):\n            value_json = response.get(&amp;#x27;value&amp;#x27;, None)\n            if value_json and isinstance(value_json, str):\n                import json\n                try:\n                    value = json.loads(value_json)\n                    if len(value.keys()) == 1:\n                        value = value[&amp;#x27;value&amp;#x27;]\n                    status = value.get(&amp;#x27;error&amp;#x27;, None)\n                    if not status:\n                        status = value.get(&amp;quot;status&amp;quot;, ErrorCode.UNKNOWN_ERROR)\n                        message = value.get(&amp;quot;value&amp;quot;) or value.get(&amp;quot;message&amp;quot;)\n                        if not isinstance(message, str):\n                            value = message\n                            message = message.get(&amp;#x27;message&amp;#x27;)\n                    else:\n                        message = value.get(&amp;#x27;message&amp;#x27;, None)\n                except ValueError:\n                    pass\n    \n        exception_class: Type[WebDriverException]\n        if status in ErrorCode.NO_SUCH_ELEMENT:\n            exception_class = NoSuchElementException\n        elif status in ErrorCode.NO_SUCH_FRAME:\n            exception_class = NoSuchFrameException\n        elif status in ErrorCode.NO_SUCH_WINDOW:\n            exception_class = NoSuchWindowException\n        elif status in ErrorCode.STALE_ELEMENT_REFERENCE:\n            exception_class = StaleElementReferenceException\n        elif status in ErrorCode.ELEMENT_NOT_VISIBLE:\n            exception_class = ElementNotVisibleException\n        elif status in ErrorCode.INVALID_ELEMENT_STATE:\n            exception_class = InvalidElementStateException\n        elif status in ErrorCode.INVALID_SELECTOR \\\n                or status in ErrorCode.INVALID_XPATH_SELECTOR \\\n                or status in ErrorCode.INVALID_XPATH_SELECTOR_RETURN_TYPER:\n            exception_class = InvalidSelectorException\n        elif status in ErrorCode.ELEMENT_IS_NOT_SELECTABLE:\n            exception_class = ElementNotSelectableException\n        elif status in ErrorCode.ELEMENT_NOT_INTERACTABLE:\n            exception_class = ElementNotInteractableException\n        elif status in ErrorCode.INVALID_COOKIE_DOMAIN:\n            exception_class = InvalidCookieDomainException\n        elif status in ErrorCode.UNABLE_TO_SET_COOKIE:\n            exception_class = UnableToSetCookieException\n        elif status in ErrorCode.TIMEOUT:\n            exception_class = TimeoutException\n        elif status in ErrorCode.SCRIPT_TIMEOUT:\n            exception_class = TimeoutException\n        elif status in ErrorCode.UNKNOWN_ERROR:\n            exception_class = WebDriverException\n        elif status in ErrorCode.UNEXPECTED_ALERT_OPEN:\n            exception_class = UnexpectedAlertPresentException\n        elif status in ErrorCode.NO_ALERT_OPEN:\n            exception_class = NoAlertPresentException\n        elif status in ErrorCode.IME_NOT_AVAILABLE:\n            exception_class = ImeNotAvailableException\n        elif status in ErrorCode.IME_ENGINE_ACTIVATION_FAILED:\n            exception_class = ImeActivationFailedException\n        elif status in ErrorCode.MOVE_TARGET_OUT_OF_BOUNDS:\n            exception_class = MoveTargetOutOfBoundsException\n        elif status in ErrorCode.JAVASCRIPT_ERROR:\n            exception_class = JavascriptException\n        elif status in ErrorCode.SESSION_NOT_CREATED:\n            exception_class = SessionNotCreatedException\n        elif status in ErrorCode.INVALID_ARGUMENT:\n            exception_class = InvalidArgumentException\n        elif status in ErrorCode.NO_SUCH_COOKIE:\n            exception_class = NoSuchCookieException\n        elif status in ErrorCode.UNABLE_TO_CAPTURE_SCREEN:\n            exception_class = ScreenshotException\n        elif status in ErrorCode.ELEMENT_CLICK_INTERCEPTED:\n            exception_class = ElementClickInterceptedException\n        elif status in ErrorCode.INSECURE_CERTIFICATE:\n            exception_class = InsecureCertificateException\n        elif status in ErrorCode.INVALID_COORDINATES:\n            exception_class = InvalidCoordinatesException\n        elif status in ErrorCode.INVALID_SESSION_ID:\n            exception_class = InvalidSessionIdException\n        elif status in ErrorCode.UNKNOWN_METHOD:\n            exception_class = UnknownMethodException\n        else:\n            exception_class = WebDriverException\n        if not value:\n            value = response[&amp;#x27;value&amp;#x27;]\n        if isinstance(value, str):\n            raise exception_class(value)\n        if message == &amp;quot;&amp;quot; and &amp;#x27;message&amp;#x27; in value:\n            message = value[&amp;#x27;message&amp;#x27;]\n    \n        screen = None  # type: ignore[assignment]\n        if &amp;#x27;screen&amp;#x27; in value:\n            screen = value[&amp;#x27;screen&amp;#x27;]\n    \n        stacktrace = None\n        st_value = value.get(&amp;#x27;stackTrace&amp;#x27;) or value.get(&amp;#x27;stacktrace&amp;#x27;)\n        if st_value:\n            if isinstance(st_value, str):\n                stacktrace = st_value.split(&amp;#x27;\\n&amp;#x27;)\n            else:\n                stacktrace = []\n                try:\n                    for frame in st_value:\n                        line = self._value_or_default(frame, &amp;#x27;lineNumber&amp;#x27;, &amp;#x27;&amp;#x27;)\n                        file = self._value_or_default(frame, &amp;#x27;fileName&amp;#x27;, &amp;#x27;&amp;lt;anonymous&amp;gt;&amp;#x27;)\n                        if line:\n                            file = &amp;quot;%s:%s&amp;quot; % (file, line)\n                        meth = self._value_or_default(frame, &amp;#x27;methodName&amp;#x27;, &amp;#x27;&amp;lt;anonymous&amp;gt;&amp;#x27;)\n                        if &amp;#x27;className&amp;#x27; in frame:\n                            meth = &amp;quot;%s.%s&amp;quot; % (frame[&amp;#x27;className&amp;#x27;], meth)\n                        msg = &amp;quot;    at %s (%s)&amp;quot;\n                        msg = msg % (meth, file)\n                        stacktrace.append(msg)\n                except TypeError:\n                    pass\n        if exception_class == UnexpectedAlertPresentException:\n            alert_text = None\n            if &amp;#x27;data&amp;#x27; in value:\n                alert_text = value[&amp;#x27;data&amp;#x27;].get(&amp;#x27;text&amp;#x27;)\n            elif &amp;#x27;alert&amp;#x27; in value:\n                alert_text = value[&amp;#x27;alert&amp;#x27;].get(&amp;#x27;text&amp;#x27;)\n            raise exception_class(message, screen, stacktrace, alert_text)  # type: ignore[call-arg]  # mypy is not smart enough here\n&amp;gt;       raise exception_class(message, screen, stacktrace)\nE       selenium.common.exceptions.StaleElementReferenceException: Message: stale element reference: stale element not found\nE         (Session info: chrome=135.0.7049.96)\nE       Stacktrace:\nE       0   chromedriver                        0x0000000104dc6e10 cxxbridge1$str$ptr + 2817040\nE       1   chromedriver                        0x0000000104dbf0ac cxxbridge1$str$ptr + 2784940\nE       2   chromedriver                        0x00000001049068d8 cxxbridge1$string$len + 93028\nE       3   chromedriver                        0x0000000104917264 cxxbridge1$string$len + 161008\nE       4   chromedriver                        0x0000000104916318 cxxbridge1$string$len + 157092\nE       5   chromedriver                        0x000000010490cda4 cxxbridge1$string$len + 118832\nE       6   chromedriver                        0x000000010490b594 cxxbridge1$string$len + 112672\nE       7   chromedriver                        0x000000010490e818 cxxbridge1$string$len + 125604\nE       8   chromedriver                        0x000000010490e8c0 cxxbridge1$string$len + 125772\nE       9   chromedriver                        0x000000010494d270 cxxbridge1$string$len + 382204\nE       10  chromedriver                        0x0000000104942d3c cxxbridge1$string$len + 339912\nE       11  chromedriver                        0x000000010498e7b8 cxxbridge1$string$len + 649796\nE       12  chromedriver                        0x0000000104941a80 cxxbridge1$string$len + 335116\nE       13  chromedriver                        0x0000000104d8bc98 cxxbridge1$str$ptr + 2575000\nE       14  chromedriver                        0x0000000104d8ef64 cxxbridge1$str$ptr + 2588004\nE       15  chromedriver                        0x0000000104d6ba20 cxxbridge1$str$ptr + 2443296\nE       16  chromedriver                        0x0000000104d8f7e0 cxxbridge1$str$ptr + 2590176\nE       17  chromedriver                        0x0000000104d5cb14 cxxbridge1$str$ptr + 2382100\nE       18  chromedriver                        0x0000000104daf9c4 cxxbridge1$str$ptr + 2721732\nE       19  chromedriver                        0x0000000104dafb50 cxxbridge1$str$ptr + 2722128\nE       20  chromedriver                        0x0000000104dbecf8 cxxbridge1$str$ptr + 2783992\nE       21  libsystem_pthread.dylib             0x0000000188ac42e4 _pthread_start + 136\nE       22  libsystem_pthread.dylib             0x0000000188abf0fc thread_start + 8\n\n.venv/lib/python3.13/site-packages/selenium/webdriver/remote/errorhandler.py:243: StaleElementReferenceException\n&#34;}], &#34;tests/test_promotional_codes.py::test_valid_code_applies_discount[data_input2]&#34;: [{&#34;extras&#34;: [], &#34;result&#34;: &#34;Failed&#34;, &#34;testId&#34;: &#34;tests/test_promotional_codes.py::test_valid_code_applies_discount[data_input2]&#34;, &#34;duration&#34;: &#34;00:00:06&#34;, &#34;resultsTableRow&#34;: [&#34;&lt;td class=\&#34;col-result\&#34;&gt;Failed&lt;/td&gt;&#34;, &#34;&lt;td class=\&#34;col-testId\&#34;&gt;tests/test_promotional_codes.py::test_valid_code_applies_discount[data_input2]&lt;/td&gt;&#34;, &#34;&lt;td class=\&#34;col-duration\&#34;&gt;00:00:06&lt;/td&gt;&#34;, &#34;&lt;td class=\&#34;col-links\&#34;&gt;&lt;/td&gt;&#34;], &#34;log&#34;: &#34;[gw1] darwin -- Python 3.13.3 /Users/dk1314/Documents/project/python-selenium/marsair_tests/.venv/bin/python\n\nsearch_page = &amp;lt;pages.search_page.SearchPage object at 0x107106fd0&amp;gt;, data_input = {&amp;#x27;code&amp;#x27;: &amp;#x27;ZZ2-XYZ-231&amp;#x27;, &amp;#x27;expected_discount&amp;#x27;: &amp;#x27;20&amp;#x27;}\n\n    @pytest.mark.ac2_ac3\n    @pytest.mark.parametrize(&amp;quot;data_input&amp;quot;,valid_codes )\n    def test_valid_code_applies_discount(search_page, data_input):\n        code = data_input[&amp;quot;code&amp;quot;]\n        expected_discount = data_input[&amp;quot;expected_discount&amp;quot;]\n        search_page.select_departure_by_text(DECEMBER)\n        search_page.select_return_by_text(JULY_NEXT_YEAR)\n        search_page.enter_promo_code(code)\n        search_page.click_search()\n        message = search_page.get_result_text()\n&amp;gt;       assert f&amp;quot;Promotional code {code.upper()} used: {expected_discount}% discount!&amp;quot; in message\nE       AssertionError: assert &amp;#x27;Promotional code ZZ2-XYZ-231 used: 20% discount!&amp;#x27; in &amp;#x27;Sorry, there are no more seats available. Back&amp;#x27;\n\ntests/test_promotional_codes.py:39: AssertionError\n&#34;}], &#34;tests/test_promotional_codes.py::test_invalid_code_displays_error[data_input0]&#34;: [{&#34;extras&#34;: [], &#34;result&#34;: &#34;Failed&#34;, &#34;testId&#34;: &#34;tests/test_promotional_codes.py::test_invalid_code_displays_error[data_input0]&#34;, &#34;duration&#34;: &#34;00:00:07&#34;, &#34;resultsTableRow&#34;: [&#34;&lt;td class=\&#34;col-result\&#34;&gt;Failed&lt;/td&gt;&#34;, &#34;&lt;td class=\&#34;col-testId\&#34;&gt;tests/test_promotional_codes.py::test_invalid_code_displays_error[data_input0]&lt;/td&gt;&#34;, &#34;&lt;td class=\&#34;col-duration\&#34;&gt;00:00:07&lt;/td&gt;&#34;, &#34;&lt;td class=\&#34;col-links\&#34;&gt;&lt;/td&gt;&#34;], &#34;log&#34;: &#34;[gw2] darwin -- Python 3.13.3 /Users/dk1314/Documents/project/python-selenium/marsair_tests/.venv/bin/python\n\nsearch_page = &amp;lt;pages.search_page.SearchPage object at 0x104b76fd0&amp;gt;, data_input = {&amp;#x27;code&amp;#x27;: &amp;#x27;AF3-FJK-419&amp;#x27;, &amp;#x27;reason&amp;#x27;: &amp;#x27;Invalid check digit&amp;#x27;}\n\n    @pytest.mark.ac4\n    @pytest.mark.parametrize(&amp;quot;data_input&amp;quot;,invalid_codes )\n    def test_invalid_code_displays_error(search_page, data_input):\n        code = data_input[&amp;quot;code&amp;quot;]\n        search_page.select_departure_by_text(JULY)\n        search_page.select_return_by_text(DECEMBER_NEXT_YEAR)\n        search_page.enter_promo_code(code)\n        search_page.click_search()\n&amp;gt;       message = search_page.get_result_text()\n\ntests/test_promotional_codes.py:49: \n_ _ _ _ _ _ _ _ _ _ _ _ _ _ _ _ _ _ _ _ _ _ _ _ _ _ _ _ _ _ _ _ _ _ _ _ _ _ _ _ _ _ _ _ _ _ _ _ _ _ _ _ _ _ _ _ _ _ _ _ _ _ _ _ _ _ _ _ _ _ _ _ _ _ _ _ _ _ _ _ _ _ _ _ _ _ _ _ _ _ _ _ _ _ _ _ _ _ _ _ _ _ _ _ _ _ _ _ _ _ _ _ _ _ _ _ _ _ _ _ _ _ _ _ _ _ _ _ _ _ _ _ _ _ _ _ _ _ _ _ _ _ _ _ _ _ _ _ _ _ _ _ _ _ _ _ _ _ _ _ _ _ _ _ _ _ _ _ _ _ _ _ _ _ _ _ _ _ _ _ _ _ _ _ _ _ _ _ _ _ _ _ _ _ _ _ _ _ _ _ _ _ _ _ _ _ _ _ _\npages/search_page.py:49: in get_result_text\n    result = container.find_elements(By.TAG_NAME, &amp;quot;p&amp;quot;)\n.venv/lib/python3.13/site-packages/selenium/webdriver/remote/webelement.py:744: in find_elements\n    return self._execute(Command.FIND_CHILD_ELEMENTS,\n.venv/lib/python3.13/site-packages/selenium/webdriver/remote/webelement.py:693: in _execute\n    return self._parent.execute(command, params)\n.venv/lib/python3.13/site-packages/selenium/webdriver/remote/webdriver.py:418: in execute\n    self.error_handler.check_response(response)\n_ _ _ _ _ _ _ _ _ _ _ _ _ _ _ _ _ _ _ _ _ _ _ _ _ _ _ _ _ _ _ _ _ _ _ _ _ _ _ _ _ _ _ _ _ _ _ _ _ _ _ _ _ _ _ _ _ _ _ _ _ _ _ _ _ _ _ _ _ _ _ _ _ _ _ _ _ _ _ _ _ _ _ _ _ _ _ _ _ _ _ _ _ _ _ _ _ _ _ _ _ _ _ _ _ _ _ _ _ _ _ _ _ _ _ _ _ _ _ _ _ _ _ _ _ _ _ _ _ _ _ _ _ _ _ _ _ _ _ _ _ _ _ _ _ _ _ _ _ _ _ _ _ _ _ _ _ _ _ _ _ _ _ _ _ _ _ _ _ _ _ _ _ _ _ _ _ _ _ _ _ _ _ _ _ _ _ _ _ _ _ _ _ _ _ _ _ _ _ _ _ _ _ _ _ _ _ _ _\n\nself = &amp;lt;selenium.webdriver.remote.errorhandler.ErrorHandler object at 0x1070a42d0&amp;gt;, response = {&amp;#x27;status&amp;#x27;: 404, &amp;#x27;value&amp;#x27;: &amp;#x27;{&amp;quot;value&amp;quot;:{&amp;quot;error&amp;quot;:&amp;quot;stale element reference&amp;quot;,&amp;quot;message&amp;quot;:&amp;quot;stale element reference: stale elemen...000188ac42e4 _pthread_start + 136\\\\n22  libsystem_pthread.dylib             0x0000000188abf0fc thread_start + 8\\\\n&amp;quot;}}&amp;#x27;}\n\n    def check_response(self, response: Dict[str, Any]) -&amp;gt; None:\n        &amp;quot;&amp;quot;&amp;quot;\n        Checks that a JSON response from the WebDriver does not have an error.\n    \n        :Args:\n         - response - The JSON response from the WebDriver server as a dictionary\n           object.\n    \n        :Raises: If the response contains an error message.\n        &amp;quot;&amp;quot;&amp;quot;\n        status = response.get(&amp;#x27;status&amp;#x27;, None)\n        if not status or status == ErrorCode.SUCCESS:\n            return\n        value = None\n        message = response.get(&amp;quot;message&amp;quot;, &amp;quot;&amp;quot;)\n        screen: str = response.get(&amp;quot;screen&amp;quot;, &amp;quot;&amp;quot;)\n        stacktrace = None\n        if isinstance(status, int):\n            value_json = response.get(&amp;#x27;value&amp;#x27;, None)\n            if value_json and isinstance(value_json, str):\n                import json\n                try:\n                    value = json.loads(value_json)\n                    if len(value.keys()) == 1:\n                        value = value[&amp;#x27;value&amp;#x27;]\n                    status = value.get(&amp;#x27;error&amp;#x27;, None)\n                    if not status:\n                        status = value.get(&amp;quot;status&amp;quot;, ErrorCode.UNKNOWN_ERROR)\n                        message = value.get(&amp;quot;value&amp;quot;) or value.get(&amp;quot;message&amp;quot;)\n                        if not isinstance(message, str):\n                            value = message\n                            message = message.get(&amp;#x27;message&amp;#x27;)\n                    else:\n                        message = value.get(&amp;#x27;message&amp;#x27;, None)\n                except ValueError:\n                    pass\n    \n        exception_class: Type[WebDriverException]\n        if status in ErrorCode.NO_SUCH_ELEMENT:\n            exception_class = NoSuchElementException\n        elif status in ErrorCode.NO_SUCH_FRAME:\n            exception_class = NoSuchFrameException\n        elif status in ErrorCode.NO_SUCH_WINDOW:\n            exception_class = NoSuchWindowException\n        elif status in ErrorCode.STALE_ELEMENT_REFERENCE:\n            exception_class = StaleElementReferenceException\n        elif status in ErrorCode.ELEMENT_NOT_VISIBLE:\n            exception_class = ElementNotVisibleException\n        elif status in ErrorCode.INVALID_ELEMENT_STATE:\n            exception_class = InvalidElementStateException\n        elif status in ErrorCode.INVALID_SELECTOR \\\n                or status in ErrorCode.INVALID_XPATH_SELECTOR \\\n                or status in ErrorCode.INVALID_XPATH_SELECTOR_RETURN_TYPER:\n            exception_class = InvalidSelectorException\n        elif status in ErrorCode.ELEMENT_IS_NOT_SELECTABLE:\n            exception_class = ElementNotSelectableException\n        elif status in ErrorCode.ELEMENT_NOT_INTERACTABLE:\n            exception_class = ElementNotInteractableException\n        elif status in ErrorCode.INVALID_COOKIE_DOMAIN:\n            exception_class = InvalidCookieDomainException\n        elif status in ErrorCode.UNABLE_TO_SET_COOKIE:\n            exception_class = UnableToSetCookieException\n        elif status in ErrorCode.TIMEOUT:\n            exception_class = TimeoutException\n        elif status in ErrorCode.SCRIPT_TIMEOUT:\n            exception_class = TimeoutException\n        elif status in ErrorCode.UNKNOWN_ERROR:\n            exception_class = WebDriverException\n        elif status in ErrorCode.UNEXPECTED_ALERT_OPEN:\n            exception_class = UnexpectedAlertPresentException\n        elif status in ErrorCode.NO_ALERT_OPEN:\n            exception_class = NoAlertPresentException\n        elif status in ErrorCode.IME_NOT_AVAILABLE:\n            exception_class = ImeNotAvailableException\n        elif status in ErrorCode.IME_ENGINE_ACTIVATION_FAILED:\n            exception_class = ImeActivationFailedException\n        elif status in ErrorCode.MOVE_TARGET_OUT_OF_BOUNDS:\n            exception_class = MoveTargetOutOfBoundsException\n        elif status in ErrorCode.JAVASCRIPT_ERROR:\n            exception_class = JavascriptException\n        elif status in ErrorCode.SESSION_NOT_CREATED:\n            exception_class = SessionNotCreatedException\n        elif status in ErrorCode.INVALID_ARGUMENT:\n            exception_class = InvalidArgumentException\n        elif status in ErrorCode.NO_SUCH_COOKIE:\n            exception_class = NoSuchCookieException\n        elif status in ErrorCode.UNABLE_TO_CAPTURE_SCREEN:\n            exception_class = ScreenshotException\n        elif status in ErrorCode.ELEMENT_CLICK_INTERCEPTED:\n            exception_class = ElementClickInterceptedException\n        elif status in ErrorCode.INSECURE_CERTIFICATE:\n            exception_class = InsecureCertificateException\n        elif status in ErrorCode.INVALID_COORDINATES:\n            exception_class = InvalidCoordinatesException\n        elif status in ErrorCode.INVALID_SESSION_ID:\n            exception_class = InvalidSessionIdException\n        elif status in ErrorCode.UNKNOWN_METHOD:\n            exception_class = UnknownMethodException\n        else:\n            exception_class = WebDriverException\n        if not value:\n            value = response[&amp;#x27;value&amp;#x27;]\n        if isinstance(value, str):\n            raise exception_class(value)\n        if message == &amp;quot;&amp;quot; and &amp;#x27;message&amp;#x27; in value:\n            message = value[&amp;#x27;message&amp;#x27;]\n    \n        screen = None  # type: ignore[assignment]\n        if &amp;#x27;screen&amp;#x27; in value:\n            screen = value[&amp;#x27;screen&amp;#x27;]\n    \n        stacktrace = None\n        st_value = value.get(&amp;#x27;stackTrace&amp;#x27;) or value.get(&amp;#x27;stacktrace&amp;#x27;)\n        if st_value:\n            if isinstance(st_value, str):\n                stacktrace = st_value.split(&amp;#x27;\\n&amp;#x27;)\n            else:\n                stacktrace = []\n                try:\n                    for frame in st_value:\n                        line = self._value_or_default(frame, &amp;#x27;lineNumber&amp;#x27;, &amp;#x27;&amp;#x27;)\n                        file = self._value_or_default(frame, &amp;#x27;fileName&amp;#x27;, &amp;#x27;&amp;lt;anonymous&amp;gt;&amp;#x27;)\n                        if line:\n                            file = &amp;quot;%s:%s&amp;quot; % (file, line)\n                        meth = self._value_or_default(frame, &amp;#x27;methodName&amp;#x27;, &amp;#x27;&amp;lt;anonymous&amp;gt;&amp;#x27;)\n                        if &amp;#x27;className&amp;#x27; in frame:\n                            meth = &amp;quot;%s.%s&amp;quot; % (frame[&amp;#x27;className&amp;#x27;], meth)\n                        msg = &amp;quot;    at %s (%s)&amp;quot;\n                        msg = msg % (meth, file)\n                        stacktrace.append(msg)\n                except TypeError:\n                    pass\n        if exception_class == UnexpectedAlertPresentException:\n            alert_text = None\n            if &amp;#x27;data&amp;#x27; in value:\n                alert_text = value[&amp;#x27;data&amp;#x27;].get(&amp;#x27;text&amp;#x27;)\n            elif &amp;#x27;alert&amp;#x27; in value:\n                alert_text = value[&amp;#x27;alert&amp;#x27;].get(&amp;#x27;text&amp;#x27;)\n            raise exception_class(message, screen, stacktrace, alert_text)  # type: ignore[call-arg]  # mypy is not smart enough here\n&amp;gt;       raise exception_class(message, screen, stacktrace)\nE       selenium.common.exceptions.StaleElementReferenceException: Message: stale element reference: stale element not found\nE         (Session info: chrome=135.0.7049.96)\nE       Stacktrace:\nE       0   chromedriver                        0x000000010532ee10 cxxbridge1$str$ptr + 2817040\nE       1   chromedriver                        0x00000001053270ac cxxbridge1$str$ptr + 2784940\nE       2   chromedriver                        0x0000000104e6e8d8 cxxbridge1$string$len + 93028\nE       3   chromedriver                        0x0000000104e7f264 cxxbridge1$string$len + 161008\nE       4   chromedriver                        0x0000000104e7e318 cxxbridge1$string$len + 157092\nE       5   chromedriver                        0x0000000104e74da4 cxxbridge1$string$len + 118832\nE       6   chromedriver                        0x0000000104e73594 cxxbridge1$string$len + 112672\nE       7   chromedriver                        0x0000000104e76818 cxxbridge1$string$len + 125604\nE       8   chromedriver                        0x0000000104e768c0 cxxbridge1$string$len + 125772\nE       9   chromedriver                        0x0000000104eb5270 cxxbridge1$string$len + 382204\nE       10  chromedriver                        0x0000000104eaad3c cxxbridge1$string$len + 339912\nE       11  chromedriver                        0x0000000104ef67b8 cxxbridge1$string$len + 649796\nE       12  chromedriver                        0x0000000104ea9a80 cxxbridge1$string$len + 335116\nE       13  chromedriver                        0x00000001052f3c98 cxxbridge1$str$ptr + 2575000\nE       14  chromedriver                        0x00000001052f6f64 cxxbridge1$str$ptr + 2588004\nE       15  chromedriver                        0x00000001052d3a20 cxxbridge1$str$ptr + 2443296\nE       16  chromedriver                        0x00000001052f77e0 cxxbridge1$str$ptr + 2590176\nE       17  chromedriver                        0x00000001052c4b14 cxxbridge1$str$ptr + 2382100\nE       18  chromedriver                        0x00000001053179c4 cxxbridge1$str$ptr + 2721732\nE       19  chromedriver                        0x0000000105317b50 cxxbridge1$str$ptr + 2722128\nE       20  chromedriver                        0x0000000105326cf8 cxxbridge1$str$ptr + 2783992\nE       21  libsystem_pthread.dylib             0x0000000188ac42e4 _pthread_start + 136\nE       22  libsystem_pthread.dylib             0x0000000188abf0fc thread_start + 8\n\n.venv/lib/python3.13/site-packages/selenium/webdriver/remote/errorhandler.py:243: StaleElementReferenceException\n&#34;}], &#34;tests/test_promotional_codes.py::test_invalid_code_displays_error[data_input2]&#34;: [{&#34;extras&#34;: [], &#34;result&#34;: &#34;Failed&#34;, &#34;testId&#34;: &#34;tests/test_promotional_codes.py::test_invalid_code_displays_error[data_input2]&#34;, &#34;duration&#34;: &#34;00:00:06&#34;, &#34;resultsTableRow&#34;: [&#34;&lt;td class=\&#34;col-result\&#34;&gt;Failed&lt;/td&gt;&#34;, &#34;&lt;td class=\&#34;col-testId\&#34;&gt;tests/test_promotional_codes.py::test_invalid_code_displays_error[data_input2]&lt;/td&gt;&#34;, &#34;&lt;td class=\&#34;col-duration\&#34;&gt;00:00:06&lt;/td&gt;&#34;, &#34;&lt;td class=\&#34;col-links\&#34;&gt;&lt;/td&gt;&#34;], &#34;log&#34;: &#34;[gw1] darwin -- Python 3.13.3 /Users/dk1314/Documents/project/python-selenium/marsair_tests/.venv/bin/python\n\nsearch_page = &amp;lt;pages.search_page.SearchPage object at 0x107274a50&amp;gt;, data_input = {&amp;#x27;code&amp;#x27;: &amp;#x27;123-456-789&amp;#x27;, &amp;#x27;reason&amp;#x27;: &amp;#x27;Format invalid&amp;#x27;}\n\n    @pytest.mark.ac4\n    @pytest.mark.parametrize(&amp;quot;data_input&amp;quot;,invalid_codes )\n    def test_invalid_code_displays_error(search_page, data_input):\n        code = data_input[&amp;quot;code&amp;quot;]\n        search_page.select_departure_by_text(JULY)\n        search_page.select_return_by_text(DECEMBER_NEXT_YEAR)\n        search_page.enter_promo_code(code)\n        search_page.click_search()\n&amp;gt;       message = search_page.get_result_text()\n\ntests/test_promotional_codes.py:49: \n_ _ _ _ _ _ _ _ _ _ _ _ _ _ _ _ _ _ _ _ _ _ _ _ _ _ _ _ _ _ _ _ _ _ _ _ _ _ _ _ _ _ _ _ _ _ _ _ _ _ _ _ _ _ _ _ _ _ _ _ _ _ _ _ _ _ _ _ _ _ _ _ _ _ _ _ _ _ _ _ _ _ _ _ _ _ _ _ _ _ _ _ _ _ _ _ _ _ _ _ _ _ _ _ _ _ _ _ _ _ _ _ _ _ _ _ _ _ _ _ _ _ _ _ _ _ _ _ _ _ _ _ _ _ _ _ _ _ _ _ _ _ _ _ _ _ _ _ _ _ _ _ _ _ _ _ _ _ _ _ _ _ _ _ _ _ _ _ _ _ _ _ _ _ _ _ _ _ _ _ _ _ _ _ _ _ _ _ _ _ _ _ _ _ _ _ _ _ _ _ _ _ _ _ _ _ _ _ _\npages/search_page.py:49: in get_result_text\n    result = container.find_elements(By.TAG_NAME, &amp;quot;p&amp;quot;)\n.venv/lib/python3.13/site-packages/selenium/webdriver/remote/webelement.py:744: in find_elements\n    return self._execute(Command.FIND_CHILD_ELEMENTS,\n.venv/lib/python3.13/site-packages/selenium/webdriver/remote/webelement.py:693: in _execute\n    return self._parent.execute(command, params)\n.venv/lib/python3.13/site-packages/selenium/webdriver/remote/webdriver.py:418: in execute\n    self.error_handler.check_response(response)\n_ _ _ _ _ _ _ _ _ _ _ _ _ _ _ _ _ _ _ _ _ _ _ _ _ _ _ _ _ _ _ _ _ _ _ _ _ _ _ _ _ _ _ _ _ _ _ _ _ _ _ _ _ _ _ _ _ _ _ _ _ _ _ _ _ _ _ _ _ _ _ _ _ _ _ _ _ _ _ _ _ _ _ _ _ _ _ _ _ _ _ _ _ _ _ _ _ _ _ _ _ _ _ _ _ _ _ _ _ _ _ _ _ _ _ _ _ _ _ _ _ _ _ _ _ _ _ _ _ _ _ _ _ _ _ _ _ _ _ _ _ _ _ _ _ _ _ _ _ _ _ _ _ _ _ _ _ _ _ _ _ _ _ _ _ _ _ _ _ _ _ _ _ _ _ _ _ _ _ _ _ _ _ _ _ _ _ _ _ _ _ _ _ _ _ _ _ _ _ _ _ _ _ _ _ _ _ _ _\n\nself = &amp;lt;selenium.webdriver.remote.errorhandler.ErrorHandler object at 0x107275590&amp;gt;, response = {&amp;#x27;status&amp;#x27;: 404, &amp;#x27;value&amp;#x27;: &amp;#x27;{&amp;quot;value&amp;quot;:{&amp;quot;error&amp;quot;:&amp;quot;stale element reference&amp;quot;,&amp;quot;message&amp;quot;:&amp;quot;stale element reference: stale elemen...000188ac42e4 _pthread_start + 136\\\\n22  libsystem_pthread.dylib             0x0000000188abf0fc thread_start + 8\\\\n&amp;quot;}}&amp;#x27;}\n\n    def check_response(self, response: Dict[str, Any]) -&amp;gt; None:\n        &amp;quot;&amp;quot;&amp;quot;\n        Checks that a JSON response from the WebDriver does not have an error.\n    \n        :Args:\n         - response - The JSON response from the WebDriver server as a dictionary\n           object.\n    \n        :Raises: If the response contains an error message.\n        &amp;quot;&amp;quot;&amp;quot;\n        status = response.get(&amp;#x27;status&amp;#x27;, None)\n        if not status or status == ErrorCode.SUCCESS:\n            return\n        value = None\n        message = response.get(&amp;quot;message&amp;quot;, &amp;quot;&amp;quot;)\n        screen: str = response.get(&amp;quot;screen&amp;quot;, &amp;quot;&amp;quot;)\n        stacktrace = None\n        if isinstance(status, int):\n            value_json = response.get(&amp;#x27;value&amp;#x27;, None)\n            if value_json and isinstance(value_json, str):\n                import json\n                try:\n                    value = json.loads(value_json)\n                    if len(value.keys()) == 1:\n                        value = value[&amp;#x27;value&amp;#x27;]\n                    status = value.get(&amp;#x27;error&amp;#x27;, None)\n                    if not status:\n                        status = value.get(&amp;quot;status&amp;quot;, ErrorCode.UNKNOWN_ERROR)\n                        message = value.get(&amp;quot;value&amp;quot;) or value.get(&amp;quot;message&amp;quot;)\n                        if not isinstance(message, str):\n                            value = message\n                            message = message.get(&amp;#x27;message&amp;#x27;)\n                    else:\n                        message = value.get(&amp;#x27;message&amp;#x27;, None)\n                except ValueError:\n                    pass\n    \n        exception_class: Type[WebDriverException]\n        if status in ErrorCode.NO_SUCH_ELEMENT:\n            exception_class = NoSuchElementException\n        elif status in ErrorCode.NO_SUCH_FRAME:\n            exception_class = NoSuchFrameException\n        elif status in ErrorCode.NO_SUCH_WINDOW:\n            exception_class = NoSuchWindowException\n        elif status in ErrorCode.STALE_ELEMENT_REFERENCE:\n            exception_class = StaleElementReferenceException\n        elif status in ErrorCode.ELEMENT_NOT_VISIBLE:\n            exception_class = ElementNotVisibleException\n        elif status in ErrorCode.INVALID_ELEMENT_STATE:\n            exception_class = InvalidElementStateException\n        elif status in ErrorCode.INVALID_SELECTOR \\\n                or status in ErrorCode.INVALID_XPATH_SELECTOR \\\n                or status in ErrorCode.INVALID_XPATH_SELECTOR_RETURN_TYPER:\n            exception_class = InvalidSelectorException\n        elif status in ErrorCode.ELEMENT_IS_NOT_SELECTABLE:\n            exception_class = ElementNotSelectableException\n        elif status in ErrorCode.ELEMENT_NOT_INTERACTABLE:\n            exception_class = ElementNotInteractableException\n        elif status in ErrorCode.INVALID_COOKIE_DOMAIN:\n            exception_class = InvalidCookieDomainException\n        elif status in ErrorCode.UNABLE_TO_SET_COOKIE:\n            exception_class = UnableToSetCookieException\n        elif status in ErrorCode.TIMEOUT:\n            exception_class = TimeoutException\n        elif status in ErrorCode.SCRIPT_TIMEOUT:\n            exception_class = TimeoutException\n        elif status in ErrorCode.UNKNOWN_ERROR:\n            exception_class = WebDriverException\n        elif status in ErrorCode.UNEXPECTED_ALERT_OPEN:\n            exception_class = UnexpectedAlertPresentException\n        elif status in ErrorCode.NO_ALERT_OPEN:\n            exception_class = NoAlertPresentException\n        elif status in ErrorCode.IME_NOT_AVAILABLE:\n            exception_class = ImeNotAvailableException\n        elif status in ErrorCode.IME_ENGINE_ACTIVATION_FAILED:\n            exception_class = ImeActivationFailedException\n        elif status in ErrorCode.MOVE_TARGET_OUT_OF_BOUNDS:\n            exception_class = MoveTargetOutOfBoundsException\n        elif status in ErrorCode.JAVASCRIPT_ERROR:\n            exception_class = JavascriptException\n        elif status in ErrorCode.SESSION_NOT_CREATED:\n            exception_class = SessionNotCreatedException\n        elif status in ErrorCode.INVALID_ARGUMENT:\n            exception_class = InvalidArgumentException\n        elif status in ErrorCode.NO_SUCH_COOKIE:\n            exception_class = NoSuchCookieException\n        elif status in ErrorCode.UNABLE_TO_CAPTURE_SCREEN:\n            exception_class = ScreenshotException\n        elif status in ErrorCode.ELEMENT_CLICK_INTERCEPTED:\n            exception_class = ElementClickInterceptedException\n        elif status in ErrorCode.INSECURE_CERTIFICATE:\n            exception_class = InsecureCertificateException\n        elif status in ErrorCode.INVALID_COORDINATES:\n            exception_class = InvalidCoordinatesException\n        elif status in ErrorCode.INVALID_SESSION_ID:\n            exception_class = InvalidSessionIdException\n        elif status in ErrorCode.UNKNOWN_METHOD:\n            exception_class = UnknownMethodException\n        else:\n            exception_class = WebDriverException\n        if not value:\n            value = response[&amp;#x27;value&amp;#x27;]\n        if isinstance(value, str):\n            raise exception_class(value)\n        if message == &amp;quot;&amp;quot; and &amp;#x27;message&amp;#x27; in value:\n            message = value[&amp;#x27;message&amp;#x27;]\n    \n        screen = None  # type: ignore[assignment]\n        if &amp;#x27;screen&amp;#x27; in value:\n            screen = value[&amp;#x27;screen&amp;#x27;]\n    \n        stacktrace = None\n        st_value = value.get(&amp;#x27;stackTrace&amp;#x27;) or value.get(&amp;#x27;stacktrace&amp;#x27;)\n        if st_value:\n            if isinstance(st_value, str):\n                stacktrace = st_value.split(&amp;#x27;\\n&amp;#x27;)\n            else:\n                stacktrace = []\n                try:\n                    for frame in st_value:\n                        line = self._value_or_default(frame, &amp;#x27;lineNumber&amp;#x27;, &amp;#x27;&amp;#x27;)\n                        file = self._value_or_default(frame, &amp;#x27;fileName&amp;#x27;, &amp;#x27;&amp;lt;anonymous&amp;gt;&amp;#x27;)\n                        if line:\n                            file = &amp;quot;%s:%s&amp;quot; % (file, line)\n                        meth = self._value_or_default(frame, &amp;#x27;methodName&amp;#x27;, &amp;#x27;&amp;lt;anonymous&amp;gt;&amp;#x27;)\n                        if &amp;#x27;className&amp;#x27; in frame:\n                            meth = &amp;quot;%s.%s&amp;quot; % (frame[&amp;#x27;className&amp;#x27;], meth)\n                        msg = &amp;quot;    at %s (%s)&amp;quot;\n                        msg = msg % (meth, file)\n                        stacktrace.append(msg)\n                except TypeError:\n                    pass\n        if exception_class == UnexpectedAlertPresentException:\n            alert_text = None\n            if &amp;#x27;data&amp;#x27; in value:\n                alert_text = value[&amp;#x27;data&amp;#x27;].get(&amp;#x27;text&amp;#x27;)\n            elif &amp;#x27;alert&amp;#x27; in value:\n                alert_text = value[&amp;#x27;alert&amp;#x27;].get(&amp;#x27;text&amp;#x27;)\n            raise exception_class(message, screen, stacktrace, alert_text)  # type: ignore[call-arg]  # mypy is not smart enough here\n&amp;gt;       raise exception_class(message, screen, stacktrace)\nE       selenium.common.exceptions.StaleElementReferenceException: Message: stale element reference: stale element not found\nE         (Session info: chrome=135.0.7049.96)\nE       Stacktrace:\nE       0   chromedriver                        0x0000000102a3ee10 cxxbridge1$str$ptr + 2817040\nE       1   chromedriver                        0x0000000102a370ac cxxbridge1$str$ptr + 2784940\nE       2   chromedriver                        0x000000010257e8d8 cxxbridge1$string$len + 93028\nE       3   chromedriver                        0x000000010258f264 cxxbridge1$string$len + 161008\nE       4   chromedriver                        0x000000010258e318 cxxbridge1$string$len + 157092\nE       5   chromedriver                        0x0000000102584da4 cxxbridge1$string$len + 118832\nE       6   chromedriver                        0x0000000102583594 cxxbridge1$string$len + 112672\nE       7   chromedriver                        0x0000000102586818 cxxbridge1$string$len + 125604\nE       8   chromedriver                        0x00000001025868c0 cxxbridge1$string$len + 125772\nE       9   chromedriver                        0x00000001025c5270 cxxbridge1$string$len + 382204\nE       10  chromedriver                        0x00000001025bad3c cxxbridge1$string$len + 339912\nE       11  chromedriver                        0x00000001026067b8 cxxbridge1$string$len + 649796\nE       12  chromedriver                        0x00000001025b9a80 cxxbridge1$string$len + 335116\nE       13  chromedriver                        0x0000000102a03c98 cxxbridge1$str$ptr + 2575000\nE       14  chromedriver                        0x0000000102a06f64 cxxbridge1$str$ptr + 2588004\nE       15  chromedriver                        0x00000001029e3a20 cxxbridge1$str$ptr + 2443296\nE       16  chromedriver                        0x0000000102a077e0 cxxbridge1$str$ptr + 2590176\nE       17  chromedriver                        0x00000001029d4b14 cxxbridge1$str$ptr + 2382100\nE       18  chromedriver                        0x0000000102a279c4 cxxbridge1$str$ptr + 2721732\nE       19  chromedriver                        0x0000000102a27b50 cxxbridge1$str$ptr + 2722128\nE       20  chromedriver                        0x0000000102a36cf8 cxxbridge1$str$ptr + 2783992\nE       21  libsystem_pthread.dylib             0x0000000188ac42e4 _pthread_start + 136\nE       22  libsystem_pthread.dylib             0x0000000188abf0fc thread_start + 8\n\n.venv/lib/python3.13/site-packages/selenium/webdriver/remote/errorhandler.py:243: StaleElementReferenceException\n&#34;}], &#34;tests/test_promotional_codes.py::test_invalid_code_displays_error[data_input1]&#34;: [{&#34;extras&#34;: [], &#34;result&#34;: &#34;Failed&#34;, &#34;testId&#34;: &#34;tests/test_promotional_codes.py::test_invalid_code_displays_error[data_input1]&#34;, &#34;duration&#34;: &#34;00:00:07&#34;, &#34;resultsTableRow&#34;: [&#34;&lt;td class=\&#34;col-result\&#34;&gt;Failed&lt;/td&gt;&#34;, &#34;&lt;td class=\&#34;col-testId\&#34;&gt;tests/test_promotional_codes.py::test_invalid_code_displays_error[data_input1]&lt;/td&gt;&#34;, &#34;&lt;td class=\&#34;col-duration\&#34;&gt;00:00:07&lt;/td&gt;&#34;, &#34;&lt;td class=\&#34;col-links\&#34;&gt;&lt;/td&gt;&#34;], &#34;log&#34;: &#34;[gw0] darwin -- Python 3.13.3 /Users/dk1314/Documents/project/python-selenium/marsair_tests/.venv/bin/python\n\nsearch_page = &amp;lt;pages.search_page.SearchPage object at 0x11014c050&amp;gt;, data_input = {&amp;#x27;code&amp;#x27;: &amp;#x27;JJ5-OPQ-322&amp;#x27;, &amp;#x27;reason&amp;#x27;: &amp;#x27;Invalid check digit&amp;#x27;}\n\n    @pytest.mark.ac4\n    @pytest.mark.parametrize(&amp;quot;data_input&amp;quot;,invalid_codes )\n    def test_invalid_code_displays_error(search_page, data_input):\n        code = data_input[&amp;quot;code&amp;quot;]\n        search_page.select_departure_by_text(JULY)\n        search_page.select_return_by_text(DECEMBER_NEXT_YEAR)\n        search_page.enter_promo_code(code)\n        search_page.click_search()\n        message = search_page.get_result_text()\n&amp;gt;       assert f&amp;quot;Sorry, code {code.upper()} is not valid&amp;quot; in message\nE       AssertionError: assert &amp;#x27;Sorry, code JJ5-OPQ-322 is not valid&amp;#x27; in &amp;#x27;Sorry, there are no more seats available. Back&amp;#x27;\n\ntests/test_promotional_codes.py:50: AssertionError\n&#34;}], &#34;tests/test_promotional_codes.py::test_invalid_code_displays_error[data_input3]&#34;: [{&#34;extras&#34;: [], &#34;result&#34;: &#34;Failed&#34;, &#34;testId&#34;: &#34;tests/test_promotional_codes.py::test_invalid_code_displays_error[data_input3]&#34;, &#34;duration&#34;: &#34;00:00:06&#34;, &#34;resultsTableRow&#34;: [&#34;&lt;td class=\&#34;col-result\&#34;&gt;Failed&lt;/td&gt;&#34;, &#34;&lt;td class=\&#34;col-testId\&#34;&gt;tests/test_promotional_codes.py::test_invalid_code_displays_error[data_input3]&lt;/td&gt;&#34;, &#34;&lt;td class=\&#34;col-duration\&#34;&gt;00:00:06&lt;/td&gt;&#34;, &#34;&lt;td class=\&#34;col-links\&#34;&gt;&lt;/td&gt;&#34;], &#34;log&#34;: &#34;[gw2] darwin -- Python 3.13.3 /Users/dk1314/Documents/project/python-selenium/marsair_tests/.venv/bin/python\n\nsearch_page = &amp;lt;pages.search_page.SearchPage object at 0x1070a4a50&amp;gt;, data_input = {&amp;#x27;code&amp;#x27;: &amp;#x27;A2-FJ-411&amp;#x27;, &amp;#x27;reason&amp;#x27;: &amp;#x27;Format invalid&amp;#x27;}\n\n    @pytest.mark.ac4\n    @pytest.mark.parametrize(&amp;quot;data_input&amp;quot;,invalid_codes )\n    def test_invalid_code_displays_error(search_page, data_input):\n        code = data_input[&amp;quot;code&amp;quot;]\n        search_page.select_departure_by_text(JULY)\n        search_page.select_return_by_text(DECEMBER_NEXT_YEAR)\n        search_page.enter_promo_code(code)\n        search_page.click_search()\n        message = search_page.get_result_text()\n&amp;gt;       assert f&amp;quot;Sorry, code {code.upper()} is not valid&amp;quot; in message\nE       AssertionError: assert &amp;#x27;Sorry, code A2-FJ-411 is not valid&amp;#x27; in &amp;#x27;Sorry, there are no more seats available. Back&amp;#x27;\n\ntests/test_promotional_codes.py:50: AssertionError\n&#34;}], &#34;tests/test_promotional_codes.py::test_invalid_code_displays_error[data_input5]&#34;: [{&#34;extras&#34;: [], &#34;result&#34;: &#34;Failed&#34;, &#34;testId&#34;: &#34;tests/test_promotional_codes.py::test_invalid_code_displays_error[data_input5]&#34;, &#34;duration&#34;: &#34;00:00:06&#34;, &#34;resultsTableRow&#34;: [&#34;&lt;td class=\&#34;col-result\&#34;&gt;Failed&lt;/td&gt;&#34;, &#34;&lt;td class=\&#34;col-testId\&#34;&gt;tests/test_promotional_codes.py::test_invalid_code_displays_error[data_input5]&lt;/td&gt;&#34;, &#34;&lt;td class=\&#34;col-duration\&#34;&gt;00:00:06&lt;/td&gt;&#34;, &#34;&lt;td class=\&#34;col-links\&#34;&gt;&lt;/td&gt;&#34;], &#34;log&#34;: &#34;[gw1] darwin -- Python 3.13.3 /Users/dk1314/Documents/project/python-selenium/marsair_tests/.venv/bin/python\n\nsearch_page = &amp;lt;pages.search_page.SearchPage object at 0x1072c49d0&amp;gt;, data_input = {&amp;#x27;code&amp;#x27;: &amp;#x27;AF3-FJK-4189&amp;#x27;, &amp;#x27;reason&amp;#x27;: &amp;#x27;Too long&amp;#x27;}\n\n    @pytest.mark.ac4\n    @pytest.mark.parametrize(&amp;quot;data_input&amp;quot;,invalid_codes )\n    def test_invalid_code_displays_error(search_page, data_input):\n        code = data_input[&amp;quot;code&amp;quot;]\n        search_page.select_departure_by_text(JULY)\n        search_page.select_return_by_text(DECEMBER_NEXT_YEAR)\n        search_page.enter_promo_code(code)\n        search_page.click_search()\n        message = search_page.get_result_text()\n&amp;gt;       assert f&amp;quot;Sorry, code {code.upper()} is not valid&amp;quot; in message\nE       AssertionError: assert &amp;#x27;Sorry, code AF3-FJK-4189 is not valid&amp;#x27; in &amp;#x27;Sorry, there are no more seats available. Back&amp;#x27;\n\ntests/test_promotional_codes.py:50: AssertionError\n&#34;}], &#34;tests/test_promotional_codes.py::test_invalid_code_displays_error[data_input4]&#34;: [{&#34;extras&#34;: [], &#34;result&#34;: &#34;Failed&#34;, &#34;testId&#34;: &#34;tests/test_promotional_codes.py::test_invalid_code_displays_error[data_input4]&#34;, &#34;duration&#34;: &#34;00:00:06&#34;, &#34;resultsTableRow&#34;: [&#34;&lt;td class=\&#34;col-result\&#34;&gt;Failed&lt;/td&gt;&#34;, &#34;&lt;td class=\&#34;col-testId\&#34;&gt;tests/test_promotional_codes.py::test_invalid_code_displays_error[data_input4]&lt;/td&gt;&#34;, &#34;&lt;td class=\&#34;col-duration\&#34;&gt;00:00:06&lt;/td&gt;&#34;, &#34;&lt;td class=\&#34;col-links\&#34;&gt;&lt;/td&gt;&#34;], &#34;log&#34;: &#34;[gw0] darwin -- Python 3.13.3 /Users/dk1314/Documents/project/python-selenium/marsair_tests/.venv/bin/python\n\nsearch_page = &amp;lt;pages.search_page.SearchPage object at 0x11011c050&amp;gt;, data_input = {&amp;#x27;code&amp;#x27;: &amp;#x27;AF3-FJK-41&amp;#x27;, &amp;#x27;reason&amp;#x27;: &amp;#x27;Too short&amp;#x27;}\n\n    @pytest.mark.ac4\n    @pytest.mark.parametrize(&amp;quot;data_input&amp;quot;,invalid_codes )\n    def test_invalid_code_displays_error(search_page, data_input):\n        code = data_input[&amp;quot;code&amp;quot;]\n        search_page.select_departure_by_text(JULY)\n        search_page.select_return_by_text(DECEMBER_NEXT_YEAR)\n        search_page.enter_promo_code(code)\n        search_page.click_search()\n&amp;gt;       message = search_page.get_result_text()\n\ntests/test_promotional_codes.py:49: \n_ _ _ _ _ _ _ _ _ _ _ _ _ _ _ _ _ _ _ _ _ _ _ _ _ _ _ _ _ _ _ _ _ _ _ _ _ _ _ _ _ _ _ _ _ _ _ _ _ _ _ _ _ _ _ _ _ _ _ _ _ _ _ _ _ _ _ _ _ _ _ _ _ _ _ _ _ _ _ _ _ _ _ _ _ _ _ _ _ _ _ _ _ _ _ _ _ _ _ _ _ \npages/search_page.py:49: in get_result_text\n    result = container.find_elements(By.TAG_NAME, &amp;quot;p&amp;quot;)\n.venv/lib/python3.13/site-packages/selenium/webdriver/remote/webelement.py:744: in find_elements\n    return self._execute(Command.FIND_CHILD_ELEMENTS,\n.venv/lib/python3.13/site-packages/selenium/webdriver/remote/webelement.py:693: in _execute\n    return self._parent.execute(command, params)\n.venv/lib/python3.13/site-packages/selenium/webdriver/remote/webdriver.py:418: in execute\n    self.error_handler.check_response(response)\n_ _ _ _ _ _ _ _ _ _ _ _ _ _ _ _ _ _ _ _ _ _ _ _ _ _ _ _ _ _ _ _ _ _ _ _ _ _ _ _ _ _ _ _ _ _ _ _ _ _ _ _ _ _ _ _ _ _ _ _ _ _ _ _ _ _ _ _ _ _ _ _ _ _ _ _ _ _ _ _ _ _ _ _ _ _ _ _ _ _ _ _ _ _ _ _ _ _ _ _ _ \n\nself = &amp;lt;selenium.webdriver.remote.errorhandler.ErrorHandler object at 0x11011cd60&amp;gt;\nresponse = {&amp;#x27;status&amp;#x27;: 404, &amp;#x27;value&amp;#x27;: &amp;#x27;{&amp;quot;value&amp;quot;:{&amp;quot;error&amp;quot;:&amp;quot;stale element reference&amp;quot;,&amp;quot;message&amp;quot;:&amp;quot;stale element reference: stale elemen...000188ac42e4 _pthread_start + 136\\\\n22  libsystem_pthread.dylib             0x0000000188abf0fc thread_start + 8\\\\n&amp;quot;}}&amp;#x27;}\n\n    def check_response(self, response: Dict[str, Any]) -&amp;gt; None:\n        &amp;quot;&amp;quot;&amp;quot;\n        Checks that a JSON response from the WebDriver does not have an error.\n    \n        :Args:\n         - response - The JSON response from the WebDriver server as a dictionary\n           object.\n    \n        :Raises: If the response contains an error message.\n        &amp;quot;&amp;quot;&amp;quot;\n        status = response.get(&amp;#x27;status&amp;#x27;, None)\n        if not status or status == ErrorCode.SUCCESS:\n            return\n        value = None\n        message = response.get(&amp;quot;message&amp;quot;, &amp;quot;&amp;quot;)\n        screen: str = response.get(&amp;quot;screen&amp;quot;, &amp;quot;&amp;quot;)\n        stacktrace = None\n        if isinstance(status, int):\n            value_json = response.get(&amp;#x27;value&amp;#x27;, None)\n            if value_json and isinstance(value_json, str):\n                import json\n                try:\n                    value = json.loads(value_json)\n                    if len(value.keys()) == 1:\n                        value = value[&amp;#x27;value&amp;#x27;]\n                    status = value.get(&amp;#x27;error&amp;#x27;, None)\n                    if not status:\n                        status = value.get(&amp;quot;status&amp;quot;, ErrorCode.UNKNOWN_ERROR)\n                        message = value.get(&amp;quot;value&amp;quot;) or value.get(&amp;quot;message&amp;quot;)\n                        if not isinstance(message, str):\n                            value = message\n                            message = message.get(&amp;#x27;message&amp;#x27;)\n                    else:\n                        message = value.get(&amp;#x27;message&amp;#x27;, None)\n                except ValueError:\n                    pass\n    \n        exception_class: Type[WebDriverException]\n        if status in ErrorCode.NO_SUCH_ELEMENT:\n            exception_class = NoSuchElementException\n        elif status in ErrorCode.NO_SUCH_FRAME:\n            exception_class = NoSuchFrameException\n        elif status in ErrorCode.NO_SUCH_WINDOW:\n            exception_class = NoSuchWindowException\n        elif status in ErrorCode.STALE_ELEMENT_REFERENCE:\n            exception_class = StaleElementReferenceException\n        elif status in ErrorCode.ELEMENT_NOT_VISIBLE:\n            exception_class = ElementNotVisibleException\n        elif status in ErrorCode.INVALID_ELEMENT_STATE:\n            exception_class = InvalidElementStateException\n        elif status in ErrorCode.INVALID_SELECTOR \\\n                or status in ErrorCode.INVALID_XPATH_SELECTOR \\\n                or status in ErrorCode.INVALID_XPATH_SELECTOR_RETURN_TYPER:\n            exception_class = InvalidSelectorException\n        elif status in ErrorCode.ELEMENT_IS_NOT_SELECTABLE:\n            exception_class = ElementNotSelectableException\n        elif status in ErrorCode.ELEMENT_NOT_INTERACTABLE:\n            exception_class = ElementNotInteractableException\n        elif status in ErrorCode.INVALID_COOKIE_DOMAIN:\n            exception_class = InvalidCookieDomainException\n        elif status in ErrorCode.UNABLE_TO_SET_COOKIE:\n            exception_class = UnableToSetCookieException\n        elif status in ErrorCode.TIMEOUT:\n            exception_class = TimeoutException\n        elif status in ErrorCode.SCRIPT_TIMEOUT:\n            exception_class = TimeoutException\n        elif status in ErrorCode.UNKNOWN_ERROR:\n            exception_class = WebDriverException\n        elif status in ErrorCode.UNEXPECTED_ALERT_OPEN:\n            exception_class = UnexpectedAlertPresentException\n        elif status in ErrorCode.NO_ALERT_OPEN:\n            exception_class = NoAlertPresentException\n        elif status in ErrorCode.IME_NOT_AVAILABLE:\n            exception_class = ImeNotAvailableException\n        elif status in ErrorCode.IME_ENGINE_ACTIVATION_FAILED:\n            exception_class = ImeActivationFailedException\n        elif status in ErrorCode.MOVE_TARGET_OUT_OF_BOUNDS:\n            exception_class = MoveTargetOutOfBoundsException\n        elif status in ErrorCode.JAVASCRIPT_ERROR:\n            exception_class = JavascriptException\n        elif status in ErrorCode.SESSION_NOT_CREATED:\n            exception_class = SessionNotCreatedException\n        elif status in ErrorCode.INVALID_ARGUMENT:\n            exception_class = InvalidArgumentException\n        elif status in ErrorCode.NO_SUCH_COOKIE:\n            exception_class = NoSuchCookieException\n        elif status in ErrorCode.UNABLE_TO_CAPTURE_SCREEN:\n            exception_class = ScreenshotException\n        elif status in ErrorCode.ELEMENT_CLICK_INTERCEPTED:\n            exception_class = ElementClickInterceptedException\n        elif status in ErrorCode.INSECURE_CERTIFICATE:\n            exception_class = InsecureCertificateException\n        elif status in ErrorCode.INVALID_COORDINATES:\n            exception_class = InvalidCoordinatesException\n        elif status in ErrorCode.INVALID_SESSION_ID:\n            exception_class = InvalidSessionIdException\n        elif status in ErrorCode.UNKNOWN_METHOD:\n            exception_class = UnknownMethodException\n        else:\n            exception_class = WebDriverException\n        if not value:\n            value = response[&amp;#x27;value&amp;#x27;]\n        if isinstance(value, str):\n            raise exception_class(value)\n        if message == &amp;quot;&amp;quot; and &amp;#x27;message&amp;#x27; in value:\n            message = value[&amp;#x27;message&amp;#x27;]\n    \n        screen = None  # type: ignore[assignment]\n        if &amp;#x27;screen&amp;#x27; in value:\n            screen = value[&amp;#x27;screen&amp;#x27;]\n    \n        stacktrace = None\n        st_value = value.get(&amp;#x27;stackTrace&amp;#x27;) or value.get(&amp;#x27;stacktrace&amp;#x27;)\n        if st_value:\n            if isinstance(st_value, str):\n                stacktrace = st_value.split(&amp;#x27;\\n&amp;#x27;)\n            else:\n                stacktrace = []\n                try:\n                    for frame in st_value:\n                        line = self._value_or_default(frame, &amp;#x27;lineNumber&amp;#x27;, &amp;#x27;&amp;#x27;)\n                        file = self._value_or_default(frame, &amp;#x27;fileName&amp;#x27;, &amp;#x27;&amp;lt;anonymous&amp;gt;&amp;#x27;)\n                        if line:\n                            file = &amp;quot;%s:%s&amp;quot; % (file, line)\n                        meth = self._value_or_default(frame, &amp;#x27;methodName&amp;#x27;, &amp;#x27;&amp;lt;anonymous&amp;gt;&amp;#x27;)\n                        if &amp;#x27;className&amp;#x27; in frame:\n                            meth = &amp;quot;%s.%s&amp;quot; % (frame[&amp;#x27;className&amp;#x27;], meth)\n                        msg = &amp;quot;    at %s (%s)&amp;quot;\n                        msg = msg % (meth, file)\n                        stacktrace.append(msg)\n                except TypeError:\n                    pass\n        if exception_class == UnexpectedAlertPresentException:\n            alert_text = None\n            if &amp;#x27;data&amp;#x27; in value:\n                alert_text = value[&amp;#x27;data&amp;#x27;].get(&amp;#x27;text&amp;#x27;)\n            elif &amp;#x27;alert&amp;#x27; in value:\n                alert_text = value[&amp;#x27;alert&amp;#x27;].get(&amp;#x27;text&amp;#x27;)\n            raise exception_class(message, screen, stacktrace, alert_text)  # type: ignore[call-arg]  # mypy is not smart enough here\n&amp;gt;       raise exception_class(message, screen, stacktrace)\nE       selenium.common.exceptions.StaleElementReferenceException: Message: stale element reference: stale element not found\nE         (Session info: chrome=135.0.7049.96)\nE       Stacktrace:\nE       0   chromedriver                        0x000000010288ee10 cxxbridge1$str$ptr + 2817040\nE       1   chromedriver                        0x00000001028870ac cxxbridge1$str$ptr + 2784940\nE       2   chromedriver                        0x00000001023ce8d8 cxxbridge1$string$len + 93028\nE       3   chromedriver                        0x00000001023df264 cxxbridge1$string$len + 161008\nE       4   chromedriver                        0x00000001023de318 cxxbridge1$string$len + 157092\nE       5   chromedriver                        0x00000001023d4da4 cxxbridge1$string$len + 118832\nE       6   chromedriver                        0x00000001023d3594 cxxbridge1$string$len + 112672\nE       7   chromedriver                        0x00000001023d6818 cxxbridge1$string$len + 125604\nE       8   chromedriver                        0x00000001023d68c0 cxxbridge1$string$len + 125772\nE       9   chromedriver                        0x0000000102415270 cxxbridge1$string$len + 382204\nE       10  chromedriver                        0x000000010240ad3c cxxbridge1$string$len + 339912\nE       11  chromedriver                        0x00000001024567b8 cxxbridge1$string$len + 649796\nE       12  chromedriver                        0x0000000102409a80 cxxbridge1$string$len + 335116\nE       13  chromedriver                        0x0000000102853c98 cxxbridge1$str$ptr + 2575000\nE       14  chromedriver                        0x0000000102856f64 cxxbridge1$str$ptr + 2588004\nE       15  chromedriver                        0x0000000102833a20 cxxbridge1$str$ptr + 2443296\nE       16  chromedriver                        0x00000001028577e0 cxxbridge1$str$ptr + 2590176\nE       17  chromedriver                        0x0000000102824b14 cxxbridge1$str$ptr + 2382100\nE       18  chromedriver                        0x00000001028779c4 cxxbridge1$str$ptr + 2721732\nE       19  chromedriver                        0x0000000102877b50 cxxbridge1$str$ptr + 2722128\nE       20  chromedriver                        0x0000000102886cf8 cxxbridge1$str$ptr + 2783992\nE       21  libsystem_pthread.dylib             0x0000000188ac42e4 _pthread_start + 136\nE       22  libsystem_pthread.dylib             0x0000000188abf0fc thread_start + 8\n\n.venv/lib/python3.13/site-packages/selenium/webdriver/remote/errorhandler.py:243: StaleElementReferenceException\n&#34;}], &#34;tests/test_promotional_codes.py::test_empty_code_proceeds_normally[code]&#34;: [{&#34;extras&#34;: [], &#34;result&#34;: &#34;Failed&#34;, &#34;testId&#34;: &#34;tests/test_promotional_codes.py::test_empty_code_proceeds_normally[code]&#34;, &#34;duration&#34;: &#34;00:00:05&#34;, &#34;resultsTableRow&#34;: [&#34;&lt;td class=\&#34;col-result\&#34;&gt;Failed&lt;/td&gt;&#34;, &#34;&lt;td class=\&#34;col-testId\&#34;&gt;tests/test_promotional_codes.py::test_empty_code_proceeds_normally[code]&lt;/td&gt;&#34;, &#34;&lt;td class=\&#34;col-duration\&#34;&gt;00:00:05&lt;/td&gt;&#34;, &#34;&lt;td class=\&#34;col-links\&#34;&gt;&lt;/td&gt;&#34;], &#34;log&#34;: &#34;[gw2] darwin -- Python 3.13.3 /Users/dk1314/Documents/project/python-selenium/marsair_tests/.venv/bin/python\n\nsearch_page = &amp;lt;pages.search_page.SearchPage object at 0x1070f0c30&amp;gt;, data_input = &amp;#x27;code&amp;#x27;\n\n    @pytest.mark.ac6\n    @pytest.mark.parametrize(&amp;quot;data_input&amp;quot;,empty_code )\n    def test_empty_code_proceeds_normally(search_page, data_input):\n        search_page.select_departure_by_text(JULY)\n        search_page.select_return_by_text(DECEMBER)\n&amp;gt;       search_page.enter_promo_code(data_input[&amp;quot;code&amp;quot;])\nE       TypeError: string indices must be integers, not &amp;#x27;str&amp;#x27;\n\ntests/test_promotional_codes.py:57: TypeError\n&#34;}], &#34;tests/test_search_flow.py::test_dropdowns_have_seven_options&#34;: [{&#34;extras&#34;: [], &#34;result&#34;: &#34;Passed&#34;, &#34;testId&#34;: &#34;tests/test_search_flow.py::test_dropdowns_have_seven_options&#34;, &#34;duration&#34;: &#34;00:00:05&#34;, &#34;resultsTableRow&#34;: [&#34;&lt;td class=\&#34;col-result\&#34;&gt;Passed&lt;/td&gt;&#34;, &#34;&lt;td class=\&#34;col-testId\&#34;&gt;tests/test_search_flow.py::test_dropdowns_have_seven_options&lt;/td&gt;&#34;, &#34;&lt;td class=\&#34;col-duration\&#34;&gt;00:00:05&lt;/td&gt;&#34;, &#34;&lt;td class=\&#34;col-links\&#34;&gt;&lt;/td&gt;&#34;], &#34;log&#34;: &#34;[gw0] darwin -- Python 3.13.3 /Users/dk1314/Documents/project/python-selenium/marsair_tests/.venv/bin/python\n&#34;}], &#34;tests/test_search_flow.py::test_dropdowns_are_visible&#34;: [{&#34;extras&#34;: [], &#34;result&#34;: &#34;Passed&#34;, &#34;testId&#34;: &#34;tests/test_search_flow.py::test_dropdowns_are_visible&#34;, &#34;duration&#34;: &#34;00:00:06&#34;, &#34;resultsTableRow&#34;: [&#34;&lt;td class=\&#34;col-result\&#34;&gt;Passed&lt;/td&gt;&#34;, &#34;&lt;td class=\&#34;col-testId\&#34;&gt;tests/test_search_flow.py::test_dropdowns_are_visible&lt;/td&gt;&#34;, &#34;&lt;td class=\&#34;col-duration\&#34;&gt;00:00:06&lt;/td&gt;&#34;, &#34;&lt;td class=\&#34;col-links\&#34;&gt;&lt;/td&gt;&#34;], &#34;log&#34;: &#34;[gw1] darwin -- Python 3.13.3 /Users/dk1314/Documents/project/python-selenium/marsair_tests/.venv/bin/python\n&#34;}], &#34;tests/test_search_flow.py::test_validation_for_unselected_fields&#34;: [{&#34;extras&#34;: [], &#34;result&#34;: &#34;Failed&#34;, &#34;testId&#34;: &#34;tests/test_search_flow.py::test_validation_for_unselected_fields&#34;, &#34;duration&#34;: &#34;00:00:06&#34;, &#34;resultsTableRow&#34;: [&#34;&lt;td class=\&#34;col-result\&#34;&gt;Failed&lt;/td&gt;&#34;, &#34;&lt;td class=\&#34;col-testId\&#34;&gt;tests/test_search_flow.py::test_validation_for_unselected_fields&lt;/td&gt;&#34;, &#34;&lt;td class=\&#34;col-duration\&#34;&gt;00:00:06&lt;/td&gt;&#34;, &#34;&lt;td class=\&#34;col-links\&#34;&gt;&lt;/td&gt;&#34;], &#34;log&#34;: &#34;[gw2] darwin -- Python 3.13.3 /Users/dk1314/Documents/project/python-selenium/marsair_tests/.venv/bin/python\n\nsearch_page = &amp;lt;pages.search_page.SearchPage object at 0x1070f1940&amp;gt;\n\n    @pytest.mark.regression\n    def test_validation_for_unselected_fields(search_page):\n        search_page.select_departure_by_text(DEFAULT_VALUE)\n        search_page.select_return_by_text(DEFAULT_VALUE)\n        search_page.click_search()\n        message = search_page.get_result_text()\n&amp;gt;       assert &amp;quot;Please select both&amp;quot; in message or &amp;quot;must select&amp;quot; in message\nE       AssertionError: assert (&amp;#x27;Please select both&amp;#x27; in &amp;#x27;Sorry, there are no more seats available. Back&amp;#x27; or &amp;#x27;must select&amp;#x27; in &amp;#x27;Sorry, there are no more seats available. Back&amp;#x27;)\n\ntests/test_search_flow.py:29: AssertionError\n&#34;}], &#34;tests/test_search_flow.py::test_return_must_be_after_departure&#34;: [{&#34;extras&#34;: [], &#34;result&#34;: &#34;Failed&#34;, &#34;testId&#34;: &#34;tests/test_search_flow.py::test_return_must_be_after_departure&#34;, &#34;duration&#34;: &#34;00:00:06&#34;, &#34;resultsTableRow&#34;: [&#34;&lt;td class=\&#34;col-result\&#34;&gt;Failed&lt;/td&gt;&#34;, &#34;&lt;td class=\&#34;col-testId\&#34;&gt;tests/test_search_flow.py::test_return_must_be_after_departure&lt;/td&gt;&#34;, &#34;&lt;td class=\&#34;col-duration\&#34;&gt;00:00:06&lt;/td&gt;&#34;, &#34;&lt;td class=\&#34;col-links\&#34;&gt;&lt;/td&gt;&#34;], &#34;log&#34;: &#34;[gw1] darwin -- Python 3.13.3 /Users/dk1314/Documents/project/python-selenium/marsair_tests/.venv/bin/python\n\nsearch_page = &amp;lt;pages.search_page.SearchPage object at 0x10718ccb0&amp;gt;\n\n    def test_return_must_be_after_departure(search_page):\n        search_page.select_departure_by_text(JULY_NEXT_YEAR)\n        search_page.select_return_by_text(DECEMBER)\n        search_page.click_search()\n        message = search_page.get_result_text()\n&amp;gt;       assert &amp;quot;Return month must be after&amp;quot; in message\nE       AssertionError: assert &amp;#x27;Return month must be after&amp;#x27; in &amp;#x27;Sorry, there are no more seats available. Back&amp;#x27;\n\ntests/test_search_flow.py:36: AssertionError\n&#34;}], &#34;tests/test_search_flow.py::test_seats_available_message&#34;: [{&#34;extras&#34;: [], &#34;result&#34;: &#34;Failed&#34;, &#34;testId&#34;: &#34;tests/test_search_flow.py::test_seats_available_message&#34;, &#34;duration&#34;: &#34;00:00:06&#34;, &#34;resultsTableRow&#34;: [&#34;&lt;td class=\&#34;col-result\&#34;&gt;Failed&lt;/td&gt;&#34;, &#34;&lt;td class=\&#34;col-testId\&#34;&gt;tests/test_search_flow.py::test_seats_available_message&lt;/td&gt;&#34;, &#34;&lt;td class=\&#34;col-duration\&#34;&gt;00:00:06&lt;/td&gt;&#34;, &#34;&lt;td class=\&#34;col-links\&#34;&gt;&lt;/td&gt;&#34;], &#34;log&#34;: &#34;[gw0] darwin -- Python 3.13.3 /Users/dk1314/Documents/project/python-selenium/marsair_tests/.venv/bin/python\n\nsearch_page = &amp;lt;pages.search_page.SearchPage object at 0x1100f84d0&amp;gt;\n\n    def test_seats_available_message(search_page):\n        search_page.select_departure_by_text(DECEMBER)\n        search_page.select_return_by_text(JULY_NEXT_YEAR)\n        search_page.click_search()\n&amp;gt;       message = search_page.get_result_text()\n\ntests/test_search_flow.py:42: \n_ _ _ _ _ _ _ _ _ _ _ _ _ _ _ _ _ _ _ _ _ _ _ _ _ _ _ _ _ _ _ _ _ _ _ _ _ _ _ _ _ _ _ _ _ _ _ _ _ _ _ _ _ _ _ _ _ _ _ _ _ _ _ _ _ _ _ _ _ _ _ _ _ _ _ _ _ _ _ _ _ _ _ _ _ _ _ _ _ _ _ _ _ _ _ _ _ _ _ _ _ \npages/search_page.py:49: in get_result_text\n    result = container.find_elements(By.TAG_NAME, &amp;quot;p&amp;quot;)\n.venv/lib/python3.13/site-packages/selenium/webdriver/remote/webelement.py:744: in find_elements\n    return self._execute(Command.FIND_CHILD_ELEMENTS,\n.venv/lib/python3.13/site-packages/selenium/webdriver/remote/webelement.py:693: in _execute\n    return self._parent.execute(command, params)\n.venv/lib/python3.13/site-packages/selenium/webdriver/remote/webdriver.py:418: in execute\n    self.error_handler.check_response(response)\n_ _ _ _ _ _ _ _ _ _ _ _ _ _ _ _ _ _ _ _ _ _ _ _ _ _ _ _ _ _ _ _ _ _ _ _ _ _ _ _ _ _ _ _ _ _ _ _ _ _ _ _ _ _ _ _ _ _ _ _ _ _ _ _ _ _ _ _ _ _ _ _ _ _ _ _ _ _ _ _ _ _ _ _ _ _ _ _ _ _ _ _ _ _ _ _ _ _ _ _ _ \n\nself = &amp;lt;selenium.webdriver.remote.errorhandler.ErrorHandler object at 0x1100f9370&amp;gt;\nresponse = {&amp;#x27;status&amp;#x27;: 404, &amp;#x27;value&amp;#x27;: &amp;#x27;{&amp;quot;value&amp;quot;:{&amp;quot;error&amp;quot;:&amp;quot;stale element reference&amp;quot;,&amp;quot;message&amp;quot;:&amp;quot;stale element reference: stale elemen...000188ac42e4 _pthread_start + 136\\\\n22  libsystem_pthread.dylib             0x0000000188abf0fc thread_start + 8\\\\n&amp;quot;}}&amp;#x27;}\n\n    def check_response(self, response: Dict[str, Any]) -&amp;gt; None:\n        &amp;quot;&amp;quot;&amp;quot;\n        Checks that a JSON response from the WebDriver does not have an error.\n    \n        :Args:\n         - response - The JSON response from the WebDriver server as a dictionary\n           object.\n    \n        :Raises: If the response contains an error message.\n        &amp;quot;&amp;quot;&amp;quot;\n        status = response.get(&amp;#x27;status&amp;#x27;, None)\n        if not status or status == ErrorCode.SUCCESS:\n            return\n        value = None\n        message = response.get(&amp;quot;message&amp;quot;, &amp;quot;&amp;quot;)\n        screen: str = response.get(&amp;quot;screen&amp;quot;, &amp;quot;&amp;quot;)\n        stacktrace = None\n        if isinstance(status, int):\n            value_json = response.get(&amp;#x27;value&amp;#x27;, None)\n            if value_json and isinstance(value_json, str):\n                import json\n                try:\n                    value = json.loads(value_json)\n                    if len(value.keys()) == 1:\n                        value = value[&amp;#x27;value&amp;#x27;]\n                    status = value.get(&amp;#x27;error&amp;#x27;, None)\n                    if not status:\n                        status = value.get(&amp;quot;status&amp;quot;, ErrorCode.UNKNOWN_ERROR)\n                        message = value.get(&amp;quot;value&amp;quot;) or value.get(&amp;quot;message&amp;quot;)\n                        if not isinstance(message, str):\n                            value = message\n                            message = message.get(&amp;#x27;message&amp;#x27;)\n                    else:\n                        message = value.get(&amp;#x27;message&amp;#x27;, None)\n                except ValueError:\n                    pass\n    \n        exception_class: Type[WebDriverException]\n        if status in ErrorCode.NO_SUCH_ELEMENT:\n            exception_class = NoSuchElementException\n        elif status in ErrorCode.NO_SUCH_FRAME:\n            exception_class = NoSuchFrameException\n        elif status in ErrorCode.NO_SUCH_WINDOW:\n            exception_class = NoSuchWindowException\n        elif status in ErrorCode.STALE_ELEMENT_REFERENCE:\n            exception_class = StaleElementReferenceException\n        elif status in ErrorCode.ELEMENT_NOT_VISIBLE:\n            exception_class = ElementNotVisibleException\n        elif status in ErrorCode.INVALID_ELEMENT_STATE:\n            exception_class = InvalidElementStateException\n        elif status in ErrorCode.INVALID_SELECTOR \\\n                or status in ErrorCode.INVALID_XPATH_SELECTOR \\\n                or status in ErrorCode.INVALID_XPATH_SELECTOR_RETURN_TYPER:\n            exception_class = InvalidSelectorException\n        elif status in ErrorCode.ELEMENT_IS_NOT_SELECTABLE:\n            exception_class = ElementNotSelectableException\n        elif status in ErrorCode.ELEMENT_NOT_INTERACTABLE:\n            exception_class = ElementNotInteractableException\n        elif status in ErrorCode.INVALID_COOKIE_DOMAIN:\n            exception_class = InvalidCookieDomainException\n        elif status in ErrorCode.UNABLE_TO_SET_COOKIE:\n            exception_class = UnableToSetCookieException\n        elif status in ErrorCode.TIMEOUT:\n            exception_class = TimeoutException\n        elif status in ErrorCode.SCRIPT_TIMEOUT:\n            exception_class = TimeoutException\n        elif status in ErrorCode.UNKNOWN_ERROR:\n            exception_class = WebDriverException\n        elif status in ErrorCode.UNEXPECTED_ALERT_OPEN:\n            exception_class = UnexpectedAlertPresentException\n        elif status in ErrorCode.NO_ALERT_OPEN:\n            exception_class = NoAlertPresentException\n        elif status in ErrorCode.IME_NOT_AVAILABLE:\n            exception_class = ImeNotAvailableException\n        elif status in ErrorCode.IME_ENGINE_ACTIVATION_FAILED:\n            exception_class = ImeActivationFailedException\n        elif status in ErrorCode.MOVE_TARGET_OUT_OF_BOUNDS:\n            exception_class = MoveTargetOutOfBoundsException\n        elif status in ErrorCode.JAVASCRIPT_ERROR:\n            exception_class = JavascriptException\n        elif status in ErrorCode.SESSION_NOT_CREATED:\n            exception_class = SessionNotCreatedException\n        elif status in ErrorCode.INVALID_ARGUMENT:\n            exception_class = InvalidArgumentException\n        elif status in ErrorCode.NO_SUCH_COOKIE:\n            exception_class = NoSuchCookieException\n        elif status in ErrorCode.UNABLE_TO_CAPTURE_SCREEN:\n            exception_class = ScreenshotException\n        elif status in ErrorCode.ELEMENT_CLICK_INTERCEPTED:\n            exception_class = ElementClickInterceptedException\n        elif status in ErrorCode.INSECURE_CERTIFICATE:\n            exception_class = InsecureCertificateException\n        elif status in ErrorCode.INVALID_COORDINATES:\n            exception_class = InvalidCoordinatesException\n        elif status in ErrorCode.INVALID_SESSION_ID:\n            exception_class = InvalidSessionIdException\n        elif status in ErrorCode.UNKNOWN_METHOD:\n            exception_class = UnknownMethodException\n        else:\n            exception_class = WebDriverException\n        if not value:\n            value = response[&amp;#x27;value&amp;#x27;]\n        if isinstance(value, str):\n            raise exception_class(value)\n        if message == &amp;quot;&amp;quot; and &amp;#x27;message&amp;#x27; in value:\n            message = value[&amp;#x27;message&amp;#x27;]\n    \n        screen = None  # type: ignore[assignment]\n        if &amp;#x27;screen&amp;#x27; in value:\n            screen = value[&amp;#x27;screen&amp;#x27;]\n    \n        stacktrace = None\n        st_value = value.get(&amp;#x27;stackTrace&amp;#x27;) or value.get(&amp;#x27;stacktrace&amp;#x27;)\n        if st_value:\n            if isinstance(st_value, str):\n                stacktrace = st_value.split(&amp;#x27;\\n&amp;#x27;)\n            else:\n                stacktrace = []\n                try:\n                    for frame in st_value:\n                        line = self._value_or_default(frame, &amp;#x27;lineNumber&amp;#x27;, &amp;#x27;&amp;#x27;)\n                        file = self._value_or_default(frame, &amp;#x27;fileName&amp;#x27;, &amp;#x27;&amp;lt;anonymous&amp;gt;&amp;#x27;)\n                        if line:\n                            file = &amp;quot;%s:%s&amp;quot; % (file, line)\n                        meth = self._value_or_default(frame, &amp;#x27;methodName&amp;#x27;, &amp;#x27;&amp;lt;anonymous&amp;gt;&amp;#x27;)\n                        if &amp;#x27;className&amp;#x27; in frame:\n                            meth = &amp;quot;%s.%s&amp;quot; % (frame[&amp;#x27;className&amp;#x27;], meth)\n                        msg = &amp;quot;    at %s (%s)&amp;quot;\n                        msg = msg % (meth, file)\n                        stacktrace.append(msg)\n                except TypeError:\n                    pass\n        if exception_class == UnexpectedAlertPresentException:\n            alert_text = None\n            if &amp;#x27;data&amp;#x27; in value:\n                alert_text = value[&amp;#x27;data&amp;#x27;].get(&amp;#x27;text&amp;#x27;)\n            elif &amp;#x27;alert&amp;#x27; in value:\n                alert_text = value[&amp;#x27;alert&amp;#x27;].get(&amp;#x27;text&amp;#x27;)\n            raise exception_class(message, screen, stacktrace, alert_text)  # type: ignore[call-arg]  # mypy is not smart enough here\n&amp;gt;       raise exception_class(message, screen, stacktrace)\nE       selenium.common.exceptions.StaleElementReferenceException: Message: stale element reference: stale element not found\nE         (Session info: chrome=135.0.7049.96)\nE       Stacktrace:\nE       0   chromedriver                        0x000000010454ae10 cxxbridge1$str$ptr + 2817040\nE       1   chromedriver                        0x00000001045430ac cxxbridge1$str$ptr + 2784940\nE       2   chromedriver                        0x000000010408a8d8 cxxbridge1$string$len + 93028\nE       3   chromedriver                        0x000000010409b264 cxxbridge1$string$len + 161008\nE       4   chromedriver                        0x000000010409a318 cxxbridge1$string$len + 157092\nE       5   chromedriver                        0x0000000104090da4 cxxbridge1$string$len + 118832\nE       6   chromedriver                        0x000000010408f594 cxxbridge1$string$len + 112672\nE       7   chromedriver                        0x0000000104092818 cxxbridge1$string$len + 125604\nE       8   chromedriver                        0x00000001040928c0 cxxbridge1$string$len + 125772\nE       9   chromedriver                        0x00000001040d1270 cxxbridge1$string$len + 382204\nE       10  chromedriver                        0x00000001040c6d3c cxxbridge1$string$len + 339912\nE       11  chromedriver                        0x00000001041127b8 cxxbridge1$string$len + 649796\nE       12  chromedriver                        0x00000001040c5a80 cxxbridge1$string$len + 335116\nE       13  chromedriver                        0x000000010450fc98 cxxbridge1$str$ptr + 2575000\nE       14  chromedriver                        0x0000000104512f64 cxxbridge1$str$ptr + 2588004\nE       15  chromedriver                        0x00000001044efa20 cxxbridge1$str$ptr + 2443296\nE       16  chromedriver                        0x00000001045137e0 cxxbridge1$str$ptr + 2590176\nE       17  chromedriver                        0x00000001044e0b14 cxxbridge1$str$ptr + 2382100\nE       18  chromedriver                        0x00000001045339c4 cxxbridge1$str$ptr + 2721732\nE       19  chromedriver                        0x0000000104533b50 cxxbridge1$str$ptr + 2722128\nE       20  chromedriver                        0x0000000104542cf8 cxxbridge1$str$ptr + 2783992\nE       21  libsystem_pthread.dylib             0x0000000188ac42e4 _pthread_start + 136\nE       22  libsystem_pthread.dylib             0x0000000188abf0fc thread_start + 8\n\n.venv/lib/python3.13/site-packages/selenium/webdriver/remote/errorhandler.py:243: StaleElementReferenceException\n&#34;}], &#34;tests/test_search_flow.py::test_seats_unavailable_message&#34;: [{&#34;extras&#34;: [], &#34;result&#34;: &#34;Passed&#34;, &#34;testId&#34;: &#34;tests/test_search_flow.py::test_seats_unavailable_message&#34;, &#34;duration&#34;: &#34;00:00:07&#34;, &#34;resultsTableRow&#34;: [&#34;&lt;td class=\&#34;col-result\&#34;&gt;Passed&lt;/td&gt;&#34;, &#34;&lt;td class=\&#34;col-testId\&#34;&gt;tests/test_search_flow.py::test_seats_unavailable_message&lt;/td&gt;&#34;, &#34;&lt;td class=\&#34;col-duration\&#34;&gt;00:00:07&lt;/td&gt;&#34;, &#34;&lt;td class=\&#34;col-links\&#34;&gt;&lt;/td&gt;&#34;], &#34;log&#34;: &#34;[gw2] darwin -- Python 3.13.3 /Users/dk1314/Documents/project/python-selenium/marsair_tests/.venv/bin/python\n&#34;}]}, &#34;renderCollapsed&#34;: [&#34;passed&#34;], &#34;initialSort&#34;: &#34;result&#34;, &#34;title&#34;: &#34;report.html&#34;}"></div>
    <script>
      (function(){function r(e,n,t){function o(i,f){if(!n[i]){if(!e[i]){var c="function"==typeof require&&require;if(!f&&c)return c(i,!0);if(u)return u(i,!0);var a=new Error("Cannot find module '"+i+"'");throw a.code="MODULE_NOT_FOUND",a}var p=n[i]={exports:{}};e[i][0].call(p.exports,function(r){var n=e[i][1][r];return o(n||r)},p,p.exports,r,e,n,t)}return n[i].exports}for(var u="function"==typeof require&&require,i=0;i<t.length;i++)o(t[i]);return o}return r})()({1:[function(require,module,exports){
const { getCollapsedCategory, setCollapsedIds } = require('./storage.js')

class DataManager {
    setManager(data) {
        const collapsedCategories = [...getCollapsedCategory(data.renderCollapsed)]
        const collapsedIds = []
        const tests = Object.values(data.tests).flat().map((test, index) => {
            const collapsed = collapsedCategories.includes(test.result.toLowerCase())
            const id = `test_${index}`
            if (collapsed) {
                collapsedIds.push(id)
            }
            return {
                ...test,
                id,
                collapsed,
            }
        })
        const dataBlob = { ...data, tests }
        this.data = { ...dataBlob }
        this.renderData = { ...dataBlob }
        setCollapsedIds(collapsedIds)
    }

    get allData() {
        return { ...this.data }
    }

    resetRender() {
        this.renderData = { ...this.data }
    }

    setRender(data) {
        this.renderData.tests = [...data]
    }

    toggleCollapsedItem(id) {
        this.renderData.tests = this.renderData.tests.map((test) =>
            test.id === id ? { ...test, collapsed: !test.collapsed } : test,
        )
    }

    set allCollapsed(collapsed) {
        this.renderData = { ...this.renderData, tests: [...this.renderData.tests.map((test) => (
            { ...test, collapsed }
        ))] }
    }

    get testSubset() {
        return [...this.renderData.tests]
    }

    get environment() {
        return this.renderData.environment
    }

    get initialSort() {
        return this.data.initialSort
    }
}

module.exports = {
    manager: new DataManager(),
}

},{"./storage.js":8}],2:[function(require,module,exports){
const mediaViewer = require('./mediaviewer.js')
const templateEnvRow = document.getElementById('template_environment_row')
const templateResult = document.getElementById('template_results-table__tbody')

function htmlToElements(html) {
    const temp = document.createElement('template')
    temp.innerHTML = html
    return temp.content.childNodes
}

const find = (selector, elem) => {
    if (!elem) {
        elem = document
    }
    return elem.querySelector(selector)
}

const findAll = (selector, elem) => {
    if (!elem) {
        elem = document
    }
    return [...elem.querySelectorAll(selector)]
}

const dom = {
    getStaticRow: (key, value) => {
        const envRow = templateEnvRow.content.cloneNode(true)
        const isObj = typeof value === 'object' && value !== null
        const values = isObj ? Object.keys(value).map((k) => `${k}: ${value[k]}`) : null

        const valuesElement = htmlToElements(
            values ? `<ul>${values.map((val) => `<li>${val}</li>`).join('')}<ul>` : `<div>${value}</div>`)[0]
        const td = findAll('td', envRow)
        td[0].textContent = key
        td[1].appendChild(valuesElement)

        return envRow
    },
    getResultTBody: ({ testId, id, log, extras, resultsTableRow, tableHtml, result, collapsed }) => {
        const resultBody = templateResult.content.cloneNode(true)
        resultBody.querySelector('tbody').classList.add(result.toLowerCase())
        resultBody.querySelector('tbody').id = testId
        resultBody.querySelector('.collapsible').dataset.id = id

        resultsTableRow.forEach((html) => {
            const t = document.createElement('template')
            t.innerHTML = html
            resultBody.querySelector('.collapsible').appendChild(t.content)
        })

        if (log) {
            // Wrap lines starting with "E" with span.error to color those lines red
            const wrappedLog = log.replace(/^E.*$/gm, (match) => `<span class="error">${match}</span>`)
            resultBody.querySelector('.log').innerHTML = wrappedLog
        } else {
            resultBody.querySelector('.log').remove()
        }

        if (collapsed) {
            resultBody.querySelector('.collapsible > td')?.classList.add('collapsed')
            resultBody.querySelector('.extras-row').classList.add('hidden')
        } else {
            resultBody.querySelector('.collapsible > td')?.classList.remove('collapsed')
        }

        const media = []
        extras?.forEach(({ name, format_type, content }) => {
            if (['image', 'video'].includes(format_type)) {
                media.push({ path: content, name, format_type })
            }

            if (format_type === 'html') {
                resultBody.querySelector('.extraHTML').insertAdjacentHTML('beforeend', `<div>${content}</div>`)
            }
        })
        mediaViewer.setup(resultBody, media)

        // Add custom html from the pytest_html_results_table_html hook
        tableHtml?.forEach((item) => {
            resultBody.querySelector('td[class="extra"]').insertAdjacentHTML('beforeend', item)
        })

        return resultBody
    },
}

module.exports = {
    dom,
    htmlToElements,
    find,
    findAll,
}

},{"./mediaviewer.js":6}],3:[function(require,module,exports){
const { manager } = require('./datamanager.js')
const { doSort } = require('./sort.js')
const storageModule = require('./storage.js')

const getFilteredSubSet = (filter) =>
    manager.allData.tests.filter(({ result }) => filter.includes(result.toLowerCase()))

const doInitFilter = () => {
    const currentFilter = storageModule.getVisible()
    const filteredSubset = getFilteredSubSet(currentFilter)
    manager.setRender(filteredSubset)
}

const doFilter = (type, show) => {
    if (show) {
        storageModule.showCategory(type)
    } else {
        storageModule.hideCategory(type)
    }

    const currentFilter = storageModule.getVisible()
    const filteredSubset = getFilteredSubSet(currentFilter)
    manager.setRender(filteredSubset)

    const sortColumn = storageModule.getSort()
    doSort(sortColumn, true)
}

module.exports = {
    doFilter,
    doInitFilter,
}

},{"./datamanager.js":1,"./sort.js":7,"./storage.js":8}],4:[function(require,module,exports){
const { redraw, bindEvents, renderStatic } = require('./main.js')
const { doInitFilter } = require('./filter.js')
const { doInitSort } = require('./sort.js')
const { manager } = require('./datamanager.js')
const data = JSON.parse(document.getElementById('data-container').dataset.jsonblob)

function init() {
    manager.setManager(data)
    doInitFilter()
    doInitSort()
    renderStatic()
    redraw()
    bindEvents()
}

init()

},{"./datamanager.js":1,"./filter.js":3,"./main.js":5,"./sort.js":7}],5:[function(require,module,exports){
const { dom, find, findAll } = require('./dom.js')
const { manager } = require('./datamanager.js')
const { doSort } = require('./sort.js')
const { doFilter } = require('./filter.js')
const {
    getVisible,
    getCollapsedIds,
    setCollapsedIds,
    getSort,
    getSortDirection,
    possibleFilters,
} = require('./storage.js')

const removeChildren = (node) => {
    while (node.firstChild) {
        node.removeChild(node.firstChild)
    }
}

const renderStatic = () => {
    const renderEnvironmentTable = () => {
        const environment = manager.environment
        const rows = Object.keys(environment).map((key) => dom.getStaticRow(key, environment[key]))
        const table = document.getElementById('environment')
        removeChildren(table)
        rows.forEach((row) => table.appendChild(row))
    }
    renderEnvironmentTable()
}

const addItemToggleListener = (elem) => {
    elem.addEventListener('click', ({ target }) => {
        const id = target.parentElement.dataset.id
        manager.toggleCollapsedItem(id)

        const collapsedIds = getCollapsedIds()
        if (collapsedIds.includes(id)) {
            const updated = collapsedIds.filter((item) => item !== id)
            setCollapsedIds(updated)
        } else {
            collapsedIds.push(id)
            setCollapsedIds(collapsedIds)
        }
        redraw()
    })
}

const renderContent = (tests) => {
    const sortAttr = getSort(manager.initialSort)
    const sortAsc = JSON.parse(getSortDirection())
    const rows = tests.map(dom.getResultTBody)
    const table = document.getElementById('results-table')
    const tableHeader = document.getElementById('results-table-head')

    const newTable = document.createElement('table')
    newTable.id = 'results-table'

    // remove all sorting classes and set the relevant
    findAll('.sortable', tableHeader).forEach((elem) => elem.classList.remove('asc', 'desc'))
    tableHeader.querySelector(`.sortable[data-column-type="${sortAttr}"]`)?.classList.add(sortAsc ? 'desc' : 'asc')
    newTable.appendChild(tableHeader)

    if (!rows.length) {
        const emptyTable = document.getElementById('template_results-table__body--empty').content.cloneNode(true)
        newTable.appendChild(emptyTable)
    } else {
        rows.forEach((row) => {
            if (!!row) {
                findAll('.collapsible td:not(.col-links', row).forEach(addItemToggleListener)
                find('.logexpander', row).addEventListener('click',
                    (evt) => evt.target.parentNode.classList.toggle('expanded'),
                )
                newTable.appendChild(row)
            }
        })
    }

    table.replaceWith(newTable)
}

const renderDerived = () => {
    const currentFilter = getVisible()
    possibleFilters.forEach((result) => {
        const input = document.querySelector(`input[data-test-result="${result}"]`)
        input.checked = currentFilter.includes(result)
    })
}

const bindEvents = () => {
    const filterColumn = (evt) => {
        const { target: element } = evt
        const { testResult } = element.dataset

        doFilter(testResult, element.checked)
        const collapsedIds = getCollapsedIds()
        const updated = manager.renderData.tests.map((test) => {
            return {
                ...test,
                collapsed: collapsedIds.includes(test.id),
            }
        })
        manager.setRender(updated)
        redraw()
    }

    const header = document.getElementById('environment-header')
    header.addEventListener('click', () => {
        const table = document.getElementById('environment')
        table.classList.toggle('hidden')
        header.classList.toggle('collapsed')
    })

    findAll('input[name="filter_checkbox"]').forEach((elem) => {
        elem.addEventListener('click', filterColumn)
    })

    findAll('.sortable').forEach((elem) => {
        elem.addEventListener('click', (evt) => {
            const { target: element } = evt
            const { columnType } = element.dataset
            doSort(columnType)
            redraw()
        })
    })

    document.getElementById('show_all_details').addEventListener('click', () => {
        manager.allCollapsed = false
        setCollapsedIds([])
        redraw()
    })
    document.getElementById('hide_all_details').addEventListener('click', () => {
        manager.allCollapsed = true
        const allIds = manager.renderData.tests.map((test) => test.id)
        setCollapsedIds(allIds)
        redraw()
    })
}

const redraw = () => {
    const { testSubset } = manager

    renderContent(testSubset)
    renderDerived()
}

module.exports = {
    redraw,
    bindEvents,
    renderStatic,
}

},{"./datamanager.js":1,"./dom.js":2,"./filter.js":3,"./sort.js":7,"./storage.js":8}],6:[function(require,module,exports){
class MediaViewer {
    constructor(assets) {
        this.assets = assets
        this.index = 0
    }

    nextActive() {
        this.index = this.index === this.assets.length - 1 ? 0 : this.index + 1
        return [this.activeFile, this.index]
    }

    prevActive() {
        this.index = this.index === 0 ? this.assets.length - 1 : this.index -1
        return [this.activeFile, this.index]
    }

    get currentIndex() {
        return this.index
    }

    get activeFile() {
        return this.assets[this.index]
    }
}


const setup = (resultBody, assets) => {
    if (!assets.length) {
        resultBody.querySelector('.media').classList.add('hidden')
        return
    }

    const mediaViewer = new MediaViewer(assets)
    const container = resultBody.querySelector('.media-container')
    const leftArrow = resultBody.querySelector('.media-container__nav--left')
    const rightArrow = resultBody.querySelector('.media-container__nav--right')
    const mediaName = resultBody.querySelector('.media__name')
    const counter = resultBody.querySelector('.media__counter')
    const imageEl = resultBody.querySelector('img')
    const sourceEl = resultBody.querySelector('source')
    const videoEl = resultBody.querySelector('video')

    const setImg = (media, index) => {
        if (media?.format_type === 'image') {
            imageEl.src = media.path

            imageEl.classList.remove('hidden')
            videoEl.classList.add('hidden')
        } else if (media?.format_type === 'video') {
            sourceEl.src = media.path

            videoEl.classList.remove('hidden')
            imageEl.classList.add('hidden')
        }

        mediaName.innerText = media?.name
        counter.innerText = `${index + 1} / ${assets.length}`
    }
    setImg(mediaViewer.activeFile, mediaViewer.currentIndex)

    const moveLeft = () => {
        const [media, index] = mediaViewer.prevActive()
        setImg(media, index)
    }
    const doRight = () => {
        const [media, index] = mediaViewer.nextActive()
        setImg(media, index)
    }
    const openImg = () => {
        window.open(mediaViewer.activeFile.path, '_blank')
    }
    if (assets.length === 1) {
        container.classList.add('media-container--fullscreen')
    } else {
        leftArrow.addEventListener('click', moveLeft)
        rightArrow.addEventListener('click', doRight)
    }
    imageEl.addEventListener('click', openImg)
}

module.exports = {
    setup,
}

},{}],7:[function(require,module,exports){
const { manager } = require('./datamanager.js')
const storageModule = require('./storage.js')

const genericSort = (list, key, ascending, customOrder) => {
    let sorted
    if (customOrder) {
        sorted = list.sort((a, b) => {
            const aValue = a.result.toLowerCase()
            const bValue = b.result.toLowerCase()

            const aIndex = customOrder.findIndex((item) => item.toLowerCase() === aValue)
            const bIndex = customOrder.findIndex((item) => item.toLowerCase() === bValue)

            // Compare the indices to determine the sort order
            return aIndex - bIndex
        })
    } else {
        sorted = list.sort((a, b) => a[key] === b[key] ? 0 : a[key] > b[key] ? 1 : -1)
    }

    if (ascending) {
        sorted.reverse()
    }
    return sorted
}

const durationSort = (list, ascending) => {
    const parseDuration = (duration) => {
        if (duration.includes(':')) {
            // If it's in the format "HH:mm:ss"
            const [hours, minutes, seconds] = duration.split(':').map(Number)
            return (hours * 3600 + minutes * 60 + seconds) * 1000
        } else {
            // If it's in the format "nnn ms"
            return parseInt(duration)
        }
    }
    const sorted = list.sort((a, b) => parseDuration(a['duration']) - parseDuration(b['duration']))
    if (ascending) {
        sorted.reverse()
    }
    return sorted
}

const doInitSort = () => {
    const type = storageModule.getSort(manager.initialSort)
    const ascending = storageModule.getSortDirection()
    const list = manager.testSubset
    const initialOrder = ['Error', 'Failed', 'Rerun', 'XFailed', 'XPassed', 'Skipped', 'Passed']

    storageModule.setSort(type)
    storageModule.setSortDirection(ascending)

    if (type?.toLowerCase() === 'original') {
        manager.setRender(list)
    } else {
        let sortedList
        switch (type) {
        case 'duration':
            sortedList = durationSort(list, ascending)
            break
        case 'result':
            sortedList = genericSort(list, type, ascending, initialOrder)
            break
        default:
            sortedList = genericSort(list, type, ascending)
            break
        }
        manager.setRender(sortedList)
    }
}

const doSort = (type, skipDirection) => {
    const newSortType = storageModule.getSort(manager.initialSort) !== type
    const currentAsc = storageModule.getSortDirection()
    let ascending
    if (skipDirection) {
        ascending = currentAsc
    } else {
        ascending = newSortType ? false : !currentAsc
    }
    storageModule.setSort(type)
    storageModule.setSortDirection(ascending)

    const list = manager.testSubset
    const sortedList = type === 'duration' ? durationSort(list, ascending) : genericSort(list, type, ascending)
    manager.setRender(sortedList)
}

module.exports = {
    doInitSort,
    doSort,
}

},{"./datamanager.js":1,"./storage.js":8}],8:[function(require,module,exports){
const possibleFilters = [
    'passed',
    'skipped',
    'failed',
    'error',
    'xfailed',
    'xpassed',
    'rerun',
]

const getVisible = () => {
    const url = new URL(window.location.href)
    const settings = new URLSearchParams(url.search).get('visible')
    const lower = (item) => {
        const lowerItem = item.toLowerCase()
        if (possibleFilters.includes(lowerItem)) {
            return lowerItem
        }
        return null
    }
    return settings === null ?
        possibleFilters :
        [...new Set(settings?.split(',').map(lower).filter((item) => item))]
}

const hideCategory = (categoryToHide) => {
    const url = new URL(window.location.href)
    const visibleParams = new URLSearchParams(url.search).get('visible')
    const currentVisible = visibleParams ? visibleParams.split(',') : [...possibleFilters]
    const settings = [...new Set(currentVisible)].filter((f) => f !== categoryToHide).join(',')

    url.searchParams.set('visible', settings)
    window.history.pushState({}, null, unescape(url.href))
}

const showCategory = (categoryToShow) => {
    if (typeof window === 'undefined') {
        return
    }
    const url = new URL(window.location.href)
    const currentVisible = new URLSearchParams(url.search).get('visible')?.split(',').filter(Boolean) ||
        [...possibleFilters]
    const settings = [...new Set([categoryToShow, ...currentVisible])]
    const noFilter = possibleFilters.length === settings.length || !settings.length

    noFilter ? url.searchParams.delete('visible') : url.searchParams.set('visible', settings.join(','))
    window.history.pushState({}, null, unescape(url.href))
}

const getSort = (initialSort) => {
    const url = new URL(window.location.href)
    let sort = new URLSearchParams(url.search).get('sort')
    if (!sort) {
        sort = initialSort || 'result'
    }
    return sort
}

const setSort = (type) => {
    const url = new URL(window.location.href)
    url.searchParams.set('sort', type)
    window.history.pushState({}, null, unescape(url.href))
}

const getCollapsedCategory = (renderCollapsed) => {
    let categories
    if (typeof window !== 'undefined') {
        const url = new URL(window.location.href)
        const collapsedItems = new URLSearchParams(url.search).get('collapsed')
        switch (true) {
        case !renderCollapsed && collapsedItems === null:
            categories = ['passed']
            break
        case collapsedItems?.length === 0 || /^["']{2}$/.test(collapsedItems):
            categories = []
            break
        case /^all$/.test(collapsedItems) || collapsedItems === null && /^all$/.test(renderCollapsed):
            categories = [...possibleFilters]
            break
        default:
            categories = collapsedItems?.split(',').map((item) => item.toLowerCase()) || renderCollapsed
            break
        }
    } else {
        categories = []
    }
    return categories
}

const getSortDirection = () => JSON.parse(sessionStorage.getItem('sortAsc')) || false
const setSortDirection = (ascending) => sessionStorage.setItem('sortAsc', ascending)

const getCollapsedIds = () => JSON.parse(sessionStorage.getItem('collapsedIds')) || []
const setCollapsedIds = (list) => sessionStorage.setItem('collapsedIds', JSON.stringify(list))

module.exports = {
    getVisible,
    hideCategory,
    showCategory,
    getCollapsedIds,
    setCollapsedIds,
    getSort,
    setSort,
    getSortDirection,
    setSortDirection,
    getCollapsedCategory,
    possibleFilters,
}

},{}]},{},[4]);
    </script>
  </footer>
</html>